{"/home/travis/build/googlemaps/v3-utility-library/packages/markermanager/src/gridbounds.ts": {"path":"/home/travis/build/googlemaps/v3-utility-library/packages/markermanager/src/gridbounds.ts","statementMap":{"0":{"start":{"line":35,"column":4},"end":{"line":35,"column":15}},"1":{"start":{"line":36,"column":4},"end":{"line":36,"column":51}},"2":{"start":{"line":37,"column":4},"end":{"line":37,"column":51}},"3":{"start":{"line":38,"column":4},"end":{"line":38,"column":51}},"4":{"start":{"line":39,"column":4},"end":{"line":39,"column":51}},"5":{"start":{"line":48,"column":4},"end":{"line":57,"column":null}},"6":{"start":{"line":54,"column":6},"end":{"line":54,"column":18}},"7":{"start":{"line":56,"column":6},"end":{"line":56,"column":19}},"8":{"start":{"line":66,"column":4},"end":{"line":71,"column":6}},"9":{"start":{"line":21,"column":0},"end":{"line":21,"column":13}}},"fnMap":{"0":{"name":"(anonymous_0)","decl":{"start":{"line":33,"column":2},"end":{"line":33,"column":14}},"loc":{"start":{"line":33,"column":52},"end":{"line":40,"column":3}}},"1":{"name":"(anonymous_1)","decl":{"start":{"line":47,"column":2},"end":{"line":47,"column":8}},"loc":{"start":{"line":47,"column":31},"end":{"line":58,"column":3}}},"2":{"name":"(anonymous_2)","decl":{"start":{"line":65,"column":2},"end":{"line":65,"column":15}},"loc":{"start":{"line":65,"column":40},"end":{"line":72,"column":3}}}},"branchMap":{"0":{"loc":{"start":{"line":48,"column":4},"end":{"line":57,"column":null}},"type":"if","locations":[{"start":{"line":48,"column":4},"end":{"line":57,"column":null}},{"start":{"line":48,"column":4},"end":{"line":57,"column":null}}]},"1":{"loc":{"start":{"line":49,"column":6},"end":{"line":49,"column":35}},"type":"binary-expr","locations":[{"start":{"line":49,"column":6},"end":{"line":49,"column":35}},{"start":{"line":50,"column":6},"end":{"line":50,"column":35}},{"start":{"line":51,"column":6},"end":{"line":51,"column":35}},{"start":{"line":52,"column":6},"end":{"line":52,"column":35}}]},"2":{"loc":{"start":{"line":67,"column":6},"end":{"line":67,"column":26}},"type":"binary-expr","locations":[{"start":{"line":67,"column":6},"end":{"line":67,"column":26}},{"start":{"line":68,"column":6},"end":{"line":68,"column":26}},{"start":{"line":69,"column":6},"end":{"line":69,"column":26}},{"start":{"line":70,"column":6},"end":{"line":70,"column":26}}]}},"s":{"0":1,"1":1,"2":1,"3":1,"4":1,"5":0,"6":0,"7":0,"8":0,"9":1},"f":{"0":1,"1":0,"2":0},"b":{"0":[0,0],"1":[0,0,0,0],"2":[0,0,0,0]}}
,"/home/travis/build/googlemaps/v3-utility-library/packages/markermanager/src/markermanager.ts": {"path":"/home/travis/build/googlemaps/v3-utility-library/packages/markermanager/src/markermanager.ts","statementMap":{"0":{"start":{"line":19,"column":0},"end":{"line":19,"column":40}},"1":{"start":{"line":20,"column":0},"end":{"line":20,"column":42}},"2":{"start":{"line":39,"column":10},"end":{"line":39,"column":27}},"3":{"start":{"line":57,"column":4},"end":{"line":57,"column":20}},"4":{"start":{"line":58,"column":4},"end":{"line":58,"column":34}},"5":{"start":{"line":59,"column":4},"end":{"line":59,"column":28}},"6":{"start":{"line":60,"column":4},"end":{"line":60,"column":38}},"7":{"start":{"line":63,"column":4},"end":{"line":63,"column":74}},"8":{"start":{"line":64,"column":4},"end":{"line":64,"column":74}},"9":{"start":{"line":66,"column":4},"end":{"line":66,"column":25}},"10":{"start":{"line":67,"column":4},"end":{"line":67,"column":20}},"11":{"start":{"line":68,"column":4},"end":{"line":68,"column":35}},"12":{"start":{"line":69,"column":4},"end":{"line":69,"column":26}},"13":{"start":{"line":70,"column":4},"end":{"line":70,"column":40}},"14":{"start":{"line":72,"column":4},"end":{"line":72,"column":26}},"15":{"start":{"line":73,"column":4},"end":{"line":73,"column":23}},"16":{"start":{"line":75,"column":4},"end":{"line":77,"column":7}},"17":{"start":{"line":76,"column":6},"end":{"line":76,"column":25}},"18":{"start":{"line":81,"column":21},"end":{"line":81,"column":39}},"19":{"start":{"line":84,"column":21},"end":{"line":84,"column":22}},"20":{"start":{"line":85,"column":4},"end":{"line":96,"column":null}},"21":{"start":{"line":86,"column":6},"end":{"line":95,"column":null}},"22":{"start":{"line":91,"column":31},"end":{"line":91,"column":68}},"23":{"start":{"line":92,"column":8},"end":{"line":94,"column":null}},"24":{"start":{"line":93,"column":10},"end":{"line":93,"column":38}},"25":{"start":{"line":98,"column":4},"end":{"line":102,"column":6}},"26":{"start":{"line":104,"column":4},"end":{"line":108,"column":6}},"27":{"start":{"line":110,"column":4},"end":{"line":114,"column":6}},"28":{"start":{"line":116,"column":4},"end":{"line":116,"column":24}},"29":{"start":{"line":118,"column":4},"end":{"line":118,"column":49}},"30":{"start":{"line":120,"column":4},"end":{"line":120,"column":46}},"31":{"start":{"line":128,"column":4},"end":{"line":128,"column":24}},"32":{"start":{"line":129,"column":4},"end":{"line":129,"column":24}},"33":{"start":{"line":138,"column":4},"end":{"line":141,"column":null}},"34":{"start":{"line":139,"column":6},"end":{"line":139,"column":31}},"35":{"start":{"line":140,"column":6},"end":{"line":140,"column":26}},"36":{"start":{"line":149,"column":19},"end":{"line":149,"column":22}},"37":{"start":{"line":150,"column":4},"end":{"line":155,"column":null}},"38":{"start":{"line":150,"column":20},"end":{"line":150,"column":21}},"39":{"start":{"line":151,"column":6},"end":{"line":151,"column":28}},"40":{"start":{"line":152,"column":6},"end":{"line":152,"column":33}},"41":{"start":{"line":153,"column":6},"end":{"line":153,"column":67}},"42":{"start":{"line":154,"column":6},"end":{"line":154,"column":21}},"43":{"start":{"line":163,"column":4},"end":{"line":163,"column":72}},"44":{"start":{"line":164,"column":4},"end":{"line":164,"column":24}},"45":{"start":{"line":183,"column":23},"end":{"line":183,"column":50}},"46":{"start":{"line":185,"column":18},"end":{"line":187,"column":null}},"47":{"start":{"line":190,"column":4},"end":{"line":190,"column":17}},"48":{"start":{"line":207,"column":19},"end":{"line":207,"column":39}},"49":{"start":{"line":208,"column":4},"end":{"line":208,"column":37}},"50":{"start":{"line":212,"column":4},"end":{"line":216,"column":null}},"51":{"start":{"line":213,"column":6},"end":{"line":215,"column":9}},"52":{"start":{"line":214,"column":8},"end":{"line":214,"column":37}},"53":{"start":{"line":218,"column":22},"end":{"line":221,"column":null}},"54":{"start":{"line":224,"column":4},"end":{"line":230,"column":null}},"55":{"start":{"line":224,"column":20},"end":{"line":224,"column":27}},"56":{"start":{"line":225,"column":19},"end":{"line":225,"column":74}},"57":{"start":{"line":226,"column":6},"end":{"line":226,"column":24}},"58":{"start":{"line":228,"column":6},"end":{"line":228,"column":37}},"59":{"start":{"line":229,"column":6},"end":{"line":229,"column":37}},"60":{"start":{"line":244,"column":6},"end":{"line":244,"column":76}},"61":{"start":{"line":245,"column":17},"end":{"line":245,"column":39}},"62":{"start":{"line":246,"column":21},"end":{"line":246,"column":73}},"63":{"start":{"line":247,"column":4},"end":{"line":252,"column":null}},"64":{"start":{"line":250,"column":20},"end":{"line":250,"column":56}},"65":{"start":{"line":251,"column":6},"end":{"line":251,"column":67}},"66":{"start":{"line":253,"column":4},"end":{"line":253,"column":34}},"67":{"start":{"line":273,"column":15},"end":{"line":273,"column":28}},"68":{"start":{"line":274,"column":18},"end":{"line":274,"column":23}},"69":{"start":{"line":275,"column":20},"end":{"line":278,"column":null}},"70":{"start":{"line":280,"column":20},"end":{"line":283,"column":null}},"71":{"start":{"line":285,"column":4},"end":{"line":314,"column":null}},"72":{"start":{"line":286,"column":19},"end":{"line":286,"column":72}},"73":{"start":{"line":287,"column":6},"end":{"line":291,"column":null}},"74":{"start":{"line":288,"column":8},"end":{"line":290,"column":null}},"75":{"start":{"line":289,"column":10},"end":{"line":289,"column":75}},"76":{"start":{"line":296,"column":6},"end":{"line":308,"column":null}},"77":{"start":{"line":297,"column":8},"end":{"line":307,"column":null}},"78":{"start":{"line":298,"column":10},"end":{"line":301,"column":null}},"79":{"start":{"line":299,"column":12},"end":{"line":299,"column":40}},"80":{"start":{"line":300,"column":12},"end":{"line":300,"column":27}},"81":{"start":{"line":303,"column":10},"end":{"line":306,"column":null}},"82":{"start":{"line":304,"column":12},"end":{"line":304,"column":37}},"83":{"start":{"line":305,"column":12},"end":{"line":305,"column":27}},"84":{"start":{"line":309,"column":6},"end":{"line":309,"column":33}},"85":{"start":{"line":310,"column":6},"end":{"line":310,"column":33}},"86":{"start":{"line":311,"column":6},"end":{"line":311,"column":33}},"87":{"start":{"line":312,"column":6},"end":{"line":312,"column":33}},"88":{"start":{"line":313,"column":6},"end":{"line":313,"column":13}},"89":{"start":{"line":315,"column":4},"end":{"line":317,"column":null}},"90":{"start":{"line":316,"column":6},"end":{"line":316,"column":30}},"91":{"start":{"line":326,"column":15},"end":{"line":326,"column":28}},"92":{"start":{"line":327,"column":18},"end":{"line":327,"column":23}},"93":{"start":{"line":328,"column":18},"end":{"line":328,"column":38}},"94":{"start":{"line":329,"column":17},"end":{"line":329,"column":76}},"95":{"start":{"line":330,"column":4},"end":{"line":348,"column":null}},"96":{"start":{"line":331,"column":19},"end":{"line":331,"column":66}},"97":{"start":{"line":333,"column":6},"end":{"line":335,"column":null}},"98":{"start":{"line":334,"column":8},"end":{"line":334,"column":49}},"99":{"start":{"line":339,"column":6},"end":{"line":344,"column":null}},"100":{"start":{"line":340,"column":8},"end":{"line":343,"column":null}},"101":{"start":{"line":341,"column":10},"end":{"line":341,"column":38}},"102":{"start":{"line":342,"column":10},"end":{"line":342,"column":25}},"103":{"start":{"line":345,"column":6},"end":{"line":345,"column":27}},"104":{"start":{"line":346,"column":6},"end":{"line":346,"column":27}},"105":{"start":{"line":347,"column":6},"end":{"line":347,"column":13}},"106":{"start":{"line":349,"column":4},"end":{"line":351,"column":null}},"107":{"start":{"line":350,"column":6},"end":{"line":350,"column":30}},"108":{"start":{"line":352,"column":4},"end":{"line":352,"column":48}},"109":{"start":{"line":368,"column":4},"end":{"line":368,"column":43}},"110":{"start":{"line":369,"column":4},"end":{"line":371,"column":null}},"111":{"start":{"line":369,"column":17},"end":{"line":369,"column":35}},"112":{"start":{"line":370,"column":6},"end":{"line":370,"column":57}},"113":{"start":{"line":373,"column":4},"end":{"line":373,"column":48}},"114":{"start":{"line":384,"column":4},"end":{"line":384,"column":36}},"115":{"start":{"line":394,"column":16},"end":{"line":394,"column":17}},"116":{"start":{"line":395,"column":4},"end":{"line":397,"column":null}},"117":{"start":{"line":395,"column":17},"end":{"line":395,"column":18}},"118":{"start":{"line":396,"column":6},"end":{"line":396,"column":35}},"119":{"start":{"line":398,"column":4},"end":{"line":398,"column":17}},"120":{"start":{"line":412,"column":19},"end":{"line":412,"column":51}},"121":{"start":{"line":413,"column":22},"end":{"line":416,"column":null}},"122":{"start":{"line":419,"column":17},"end":{"line":419,"column":61}},"123":{"start":{"line":421,"column":17},"end":{"line":421,"column":74}},"124":{"start":{"line":422,"column":4},"end":{"line":431,"column":null}},"125":{"start":{"line":423,"column":6},"end":{"line":430,"column":null}},"126":{"start":{"line":423,"column":19},"end":{"line":423,"column":20}},"127":{"start":{"line":424,"column":8},"end":{"line":429,"column":null}},"128":{"start":{"line":428,"column":10},"end":{"line":428,"column":27}},"129":{"start":{"line":432,"column":4},"end":{"line":432,"column":18}},"130":{"start":{"line":447,"column":4},"end":{"line":447,"column":43}},"131":{"start":{"line":448,"column":4},"end":{"line":448,"column":51}},"132":{"start":{"line":449,"column":22},"end":{"line":452,"column":null}},"133":{"start":{"line":454,"column":4},"end":{"line":461,"column":null}},"134":{"start":{"line":459,"column":6},"end":{"line":459,"column":31}},"135":{"start":{"line":460,"column":6},"end":{"line":460,"column":30}},"136":{"start":{"line":462,"column":4},"end":{"line":462,"column":32}},"137":{"start":{"line":481,"column":4},"end":{"line":483,"column":null}},"138":{"start":{"line":482,"column":6},"end":{"line":482,"column":30}},"139":{"start":{"line":485,"column":4},"end":{"line":487,"column":null}},"140":{"start":{"line":486,"column":6},"end":{"line":486,"column":25}},"141":{"start":{"line":488,"column":4},"end":{"line":490,"column":null}},"142":{"start":{"line":489,"column":6},"end":{"line":489,"column":28}},"143":{"start":{"line":491,"column":4},"end":{"line":493,"column":null}},"144":{"start":{"line":492,"column":6},"end":{"line":492,"column":31}},"145":{"start":{"line":494,"column":4},"end":{"line":494,"column":31}},"146":{"start":{"line":512,"column":4},"end":{"line":514,"column":null}},"147":{"start":{"line":513,"column":6},"end":{"line":513,"column":30}},"148":{"start":{"line":516,"column":4},"end":{"line":518,"column":null}},"149":{"start":{"line":517,"column":6},"end":{"line":517,"column":18}},"150":{"start":{"line":519,"column":4},"end":{"line":521,"column":null}},"151":{"start":{"line":520,"column":6},"end":{"line":520,"column":18}},"152":{"start":{"line":522,"column":4},"end":{"line":524,"column":null}},"153":{"start":{"line":523,"column":6},"end":{"line":523,"column":18}},"154":{"start":{"line":525,"column":4},"end":{"line":525,"column":31}},"155":{"start":{"line":545,"column":4},"end":{"line":545,"column":41}},"156":{"start":{"line":547,"column":15},"end":{"line":547,"column":36}},"157":{"start":{"line":548,"column":15},"end":{"line":548,"column":36}},"158":{"start":{"line":549,"column":15},"end":{"line":549,"column":54}},"159":{"start":{"line":551,"column":15},"end":{"line":551,"column":54}},"160":{"start":{"line":552,"column":15},"end":{"line":552,"column":36}},"161":{"start":{"line":555,"column":4},"end":{"line":557,"column":null}},"162":{"start":{"line":556,"column":6},"end":{"line":556,"column":17}},"163":{"start":{"line":558,"column":4},"end":{"line":562,"column":null}},"164":{"start":{"line":560,"column":6},"end":{"line":560,"column":15}},"165":{"start":{"line":561,"column":6},"end":{"line":561,"column":20}},"166":{"start":{"line":564,"column":23},"end":{"line":564,"column":53}},"167":{"start":{"line":565,"column":4},"end":{"line":565,"column":24}},"168":{"start":{"line":567,"column":4},"end":{"line":567,"column":22}},"169":{"start":{"line":576,"column":4},"end":{"line":581,"column":6}},"170":{"start":{"line":592,"column":4},"end":{"line":592,"column":57}},"171":{"start":{"line":603,"column":4},"end":{"line":603,"column":37}},"172":{"start":{"line":612,"column":4},"end":{"line":612,"column":23}},"173":{"start":{"line":619,"column":4},"end":{"line":619,"column":22}},"174":{"start":{"line":620,"column":4},"end":{"line":620,"column":19}},"175":{"start":{"line":627,"column":4},"end":{"line":627,"column":23}},"176":{"start":{"line":628,"column":4},"end":{"line":628,"column":19}},"177":{"start":{"line":635,"column":4},"end":{"line":635,"column":29}},"178":{"start":{"line":636,"column":4},"end":{"line":636,"column":19}},"179":{"start":{"line":647,"column":4},"end":{"line":649,"column":null}},"180":{"start":{"line":648,"column":6},"end":{"line":648,"column":74}},"181":{"start":{"line":651,"column":4},"end":{"line":653,"column":null}},"182":{"start":{"line":652,"column":6},"end":{"line":652,"column":71}},"183":{"start":{"line":654,"column":4},"end":{"line":654,"column":28}},"184":{"start":{"line":661,"column":4},"end":{"line":661,"column":40}},"185":{"start":{"line":662,"column":22},"end":{"line":662,"column":46}},"186":{"start":{"line":666,"column":4},"end":{"line":671,"column":null}},"187":{"start":{"line":670,"column":6},"end":{"line":670,"column":13}},"188":{"start":{"line":673,"column":4},"end":{"line":696,"column":null}},"189":{"start":{"line":674,"column":6},"end":{"line":674,"column":74}},"190":{"start":{"line":675,"column":6},"end":{"line":678,"column":null}},"191":{"start":{"line":677,"column":8},"end":{"line":677,"column":65}},"192":{"start":{"line":681,"column":6},"end":{"line":685,"column":8}},"193":{"start":{"line":688,"column":6},"end":{"line":695,"column":null}},"194":{"start":{"line":690,"column":8},"end":{"line":694,"column":10}},"195":{"start":{"line":697,"column":4},"end":{"line":697,"column":34}},"196":{"start":{"line":699,"column":4},"end":{"line":699,"column":28}},"197":{"start":{"line":706,"column":4},"end":{"line":711,"column":6}},"198":{"start":{"line":724,"column":4},"end":{"line":728,"column":null}},"199":{"start":{"line":724,"column":17},"end":{"line":724,"column":28}},"200":{"start":{"line":725,"column":6},"end":{"line":727,"column":null}},"201":{"start":{"line":725,"column":19},"end":{"line":725,"column":30}},"202":{"start":{"line":726,"column":8},"end":{"line":726,"column":59}},"203":{"start":{"line":745,"column":17},"end":{"line":745,"column":51}},"204":{"start":{"line":746,"column":4},"end":{"line":750,"column":null}},"205":{"start":{"line":747,"column":6},"end":{"line":749,"column":null}},"206":{"start":{"line":747,"column":19},"end":{"line":747,"column":34}},"207":{"start":{"line":748,"column":8},"end":{"line":748,"column":26}},"208":{"start":{"line":761,"column":4},"end":{"line":761,"column":70}},"209":{"start":{"line":772,"column":4},"end":{"line":772,"column":67}},"210":{"start":{"line":792,"column":4},"end":{"line":794,"column":7}},"211":{"start":{"line":793,"column":6},"end":{"line":793,"column":32}},"212":{"start":{"line":810,"column":18},"end":{"line":810,"column":30}},"213":{"start":{"line":811,"column":18},"end":{"line":811,"column":30}},"214":{"start":{"line":812,"column":18},"end":{"line":812,"column":30}},"215":{"start":{"line":813,"column":18},"end":{"line":813,"column":30}},"216":{"start":{"line":814,"column":18},"end":{"line":814,"column":30}},"217":{"start":{"line":815,"column":18},"end":{"line":815,"column":30}},"218":{"start":{"line":816,"column":18},"end":{"line":816,"column":30}},"219":{"start":{"line":817,"column":18},"end":{"line":817,"column":30}},"220":{"start":{"line":820,"column":4},"end":{"line":835,"column":null}},"221":{"start":{"line":823,"column":6},"end":{"line":826,"column":null}},"222":{"start":{"line":825,"column":8},"end":{"line":825,"column":23}},"223":{"start":{"line":828,"column":6},"end":{"line":834,"column":null}},"224":{"start":{"line":833,"column":8},"end":{"line":833,"column":23}},"225":{"start":{"line":837,"column":4},"end":{"line":852,"column":null}},"226":{"start":{"line":840,"column":6},"end":{"line":843,"column":null}},"227":{"start":{"line":842,"column":8},"end":{"line":842,"column":23}},"228":{"start":{"line":845,"column":6},"end":{"line":851,"column":null}},"229":{"start":{"line":850,"column":8},"end":{"line":850,"column":23}},"230":{"start":{"line":862,"column":16},"end":{"line":862,"column":17}},"231":{"start":{"line":863,"column":4},"end":{"line":868,"column":null}},"232":{"start":{"line":863,"column":17},"end":{"line":863,"column":18}},"233":{"start":{"line":864,"column":6},"end":{"line":867,"column":null}},"234":{"start":{"line":865,"column":8},"end":{"line":865,"column":28}},"235":{"start":{"line":866,"column":8},"end":{"line":866,"column":16}},"236":{"start":{"line":869,"column":4},"end":{"line":869,"column":17}},"237":{"start":{"line":873,"column":9},"end":{"line":873,"column":22}}},"fnMap":{"0":{"name":"(anonymous_0)","decl":{"start":{"line":53,"column":2},"end":{"line":53,"column":null}},"loc":{"start":{"line":55,"column":78},"end":{"line":78,"column":3}}},"1":{"name":"(anonymous_1)","decl":{"start":{"line":75,"column":51},"end":{"line":75,"column":54}},"loc":{"start":{"line":75,"column":56},"end":{"line":77,"column":5}}},"2":{"name":"(anonymous_2)","decl":{"start":{"line":80,"column":10},"end":{"line":80,"column":21}},"loc":{"start":{"line":80,"column":21},"end":{"line":121,"column":3}}},"3":{"name":"(anonymous_3)","decl":{"start":{"line":127,"column":10},"end":{"line":127,"column":24}},"loc":{"start":{"line":127,"column":51},"end":{"line":130,"column":3}}},"4":{"name":"(anonymous_4)","decl":{"start":{"line":137,"column":10},"end":{"line":137,"column":21}},"loc":{"start":{"line":137,"column":48},"end":{"line":142,"column":3}}},"5":{"name":"(anonymous_5)","decl":{"start":{"line":148,"column":9},"end":{"line":148,"column":21}},"loc":{"start":{"line":148,"column":21},"end":{"line":156,"column":3}}},"6":{"name":"(anonymous_6)","decl":{"start":{"line":162,"column":9},"end":{"line":162,"column":21}},"loc":{"start":{"line":162,"column":21},"end":{"line":165,"column":3}}},"7":{"name":"(anonymous_7)","decl":{"start":{"line":178,"column":10},"end":{"line":178,"column":23}},"loc":{"start":{"line":181,"column":29},"end":{"line":191,"column":3}}},"8":{"name":"(anonymous_8)","decl":{"start":{"line":202,"column":10},"end":{"line":202,"column":25}},"loc":{"start":{"line":205,"column":19},"end":{"line":231,"column":3}}},"9":{"name":"(anonymous_9)","decl":{"start":{"line":213,"column":55},"end":{"line":213,"column":64}},"loc":{"start":{"line":213,"column":71},"end":{"line":215,"column":7}}},"10":{"name":"(anonymous_10)","decl":{"start":{"line":242,"column":10},"end":{"line":242,"column":29}},"loc":{"start":{"line":242,"column":54},"end":{"line":254,"column":3}}},"11":{"name":"(anonymous_11)","decl":{"start":{"line":265,"column":10},"end":{"line":265,"column":24}},"loc":{"start":{"line":268,"column":32},"end":{"line":318,"column":3}}},"12":{"name":"(anonymous_12)","decl":{"start":{"line":325,"column":9},"end":{"line":325,"column":21}},"loc":{"start":{"line":325,"column":48},"end":{"line":353,"column":3}}},"13":{"name":"(anonymous_13)","decl":{"start":{"line":363,"column":9},"end":{"line":363,"column":19}},"loc":{"start":{"line":366,"column":19},"end":{"line":374,"column":3}}},"14":{"name":"(anonymous_14)","decl":{"start":{"line":383,"column":10},"end":{"line":383,"column":24}},"loc":{"start":{"line":383,"column":40},"end":{"line":385,"column":3}}},"15":{"name":"(anonymous_15)","decl":{"start":{"line":393,"column":9},"end":{"line":393,"column":23}},"loc":{"start":{"line":393,"column":36},"end":{"line":399,"column":3}}},"16":{"name":"(anonymous_16)","decl":{"start":{"line":411,"column":9},"end":{"line":411,"column":18}},"loc":{"start":{"line":411,"column":57},"end":{"line":433,"column":3}}},"17":{"name":"(anonymous_17)","decl":{"start":{"line":442,"column":9},"end":{"line":442,"column":18}},"loc":{"start":{"line":445,"column":19},"end":{"line":463,"column":3}}},"18":{"name":"(anonymous_18)","decl":{"start":{"line":475,"column":10},"end":{"line":475,"column":28}},"loc":{"start":{"line":478,"column":13},"end":{"line":495,"column":3}}},"19":{"name":"(anonymous_19)","decl":{"start":{"line":507,"column":10},"end":{"line":507,"column":30}},"loc":{"start":{"line":510,"column":13},"end":{"line":526,"column":3}}},"20":{"name":"(anonymous_20)","decl":{"start":{"line":539,"column":10},"end":{"line":539,"column":24}},"loc":{"start":{"line":543,"column":31},"end":{"line":568,"column":3}}},"21":{"name":"(anonymous_21)","decl":{"start":{"line":575,"column":10},"end":{"line":575,"column":27}},"loc":{"start":{"line":575,"column":27},"end":{"line":582,"column":3}}},"22":{"name":"(anonymous_22)","decl":{"start":{"line":591,"column":10},"end":{"line":591,"column":23}},"loc":{"start":{"line":591,"column":23},"end":{"line":593,"column":3}}},"23":{"name":"(anonymous_23)","decl":{"start":{"line":602,"column":9},"end":{"line":602,"column":16}},"loc":{"start":{"line":602,"column":16},"end":{"line":604,"column":3}}},"24":{"name":"(anonymous_24)","decl":{"start":{"line":611,"column":9},"end":{"line":611,"column":17}},"loc":{"start":{"line":611,"column":17},"end":{"line":613,"column":3}}},"25":{"name":"(anonymous_25)","decl":{"start":{"line":618,"column":9},"end":{"line":618,"column":13}},"loc":{"start":{"line":618,"column":13},"end":{"line":621,"column":3}}},"26":{"name":"(anonymous_26)","decl":{"start":{"line":626,"column":9},"end":{"line":626,"column":13}},"loc":{"start":{"line":626,"column":13},"end":{"line":629,"column":3}}},"27":{"name":"(anonymous_27)","decl":{"start":{"line":634,"column":9},"end":{"line":634,"column":15}},"loc":{"start":{"line":634,"column":15},"end":{"line":637,"column":3}}},"28":{"name":"(anonymous_28)","decl":{"start":{"line":646,"column":9},"end":{"line":646,"column":16}},"loc":{"start":{"line":646,"column":16},"end":{"line":655,"column":3}}},"29":{"name":"(anonymous_29)","decl":{"start":{"line":660,"column":10},"end":{"line":660,"column":24}},"loc":{"start":{"line":660,"column":24},"end":{"line":700,"column":3}}},"30":{"name":"(anonymous_30)","decl":{"start":{"line":705,"column":10},"end":{"line":705,"column":26}},"loc":{"start":{"line":705,"column":26},"end":{"line":712,"column":3}}},"31":{"name":"(anonymous_31)","decl":{"start":{"line":720,"column":10},"end":{"line":720,"column":21}},"loc":{"start":{"line":722,"column":50},"end":{"line":729,"column":3}}},"32":{"name":"(anonymous_32)","decl":{"start":{"line":739,"column":10},"end":{"line":739,"column":29}},"loc":{"start":{"line":743,"column":50},"end":{"line":751,"column":3}}},"33":{"name":"(anonymous_33)","decl":{"start":{"line":760,"column":10},"end":{"line":760,"column":28}},"loc":{"start":{"line":760,"column":60},"end":{"line":762,"column":3}}},"34":{"name":"(anonymous_34)","decl":{"start":{"line":771,"column":10},"end":{"line":771,"column":25}},"loc":{"start":{"line":771,"column":57},"end":{"line":773,"column":3}}},"35":{"name":"(anonymous_35)","decl":{"start":{"line":787,"column":10},"end":{"line":787,"column":24}},"loc":{"start":{"line":790,"column":55},"end":{"line":795,"column":3}}},"36":{"name":"(anonymous_36)","decl":{"start":{"line":792,"column":48},"end":{"line":792,"column":57}},"loc":{"start":{"line":792,"column":61},"end":{"line":794,"column":5}}},"37":{"name":"(anonymous_37)","decl":{"start":{"line":805,"column":10},"end":{"line":805,"column":30}},"loc":{"start":{"line":808,"column":44},"end":{"line":853,"column":3}}},"38":{"name":"(anonymous_38)","decl":{"start":{"line":858,"column":10},"end":{"line":858,"column":31}},"loc":{"start":{"line":860,"column":30},"end":{"line":870,"column":3}}}},"branchMap":{"0":{"loc":{"start":{"line":55,"column":16},"end":{"line":55,"column":18}},"type":"default-arg","locations":[{"start":{"line":55,"column":16},"end":{"line":55,"column":18}}]},"1":{"loc":{"start":{"line":55,"column":42},"end":{"line":55,"column":46}},"type":"default-arg","locations":[{"start":{"line":55,"column":42},"end":{"line":55,"column":46}}]},"2":{"loc":{"start":{"line":55,"column":64},"end":{"line":55,"column":67}},"type":"default-arg","locations":[{"start":{"line":55,"column":64},"end":{"line":55,"column":67}}]},"3":{"loc":{"start":{"line":86,"column":6},"end":{"line":95,"column":null}},"type":"if","locations":[{"start":{"line":86,"column":6},"end":{"line":95,"column":null}},{"start":{"line":86,"column":6},"end":{"line":95,"column":null}}]},"4":{"loc":{"start":{"line":87,"column":8},"end":{"line":87,"column":25}},"type":"binary-expr","locations":[{"start":{"line":87,"column":8},"end":{"line":87,"column":25}},{"start":{"line":88,"column":8},"end":{"line":88,"column":27}},{"start":{"line":89,"column":8},"end":{"line":89,"column":48}}]},"5":{"loc":{"start":{"line":92,"column":8},"end":{"line":94,"column":null}},"type":"if","locations":[{"start":{"line":92,"column":8},"end":{"line":94,"column":null}},{"start":{"line":92,"column":8},"end":{"line":94,"column":null}}]},"6":{"loc":{"start":{"line":138,"column":4},"end":{"line":141,"column":null}},"type":"if","locations":[{"start":{"line":138,"column":4},"end":{"line":141,"column":null}},{"start":{"line":138,"column":4},"end":{"line":141,"column":null}}]},"7":{"loc":{"start":{"line":212,"column":4},"end":{"line":216,"column":null}},"type":"if","locations":[{"start":{"line":212,"column":4},"end":{"line":216,"column":null}},{"start":{"line":212,"column":4},"end":{"line":216,"column":null}}]},"8":{"loc":{"start":{"line":244,"column":6},"end":{"line":244,"column":39}},"type":"binary-expr","locations":[{"start":{"line":244,"column":6},"end":{"line":244,"column":39}},{"start":{"line":244,"column":43},"end":{"line":244,"column":76}}]},"9":{"loc":{"start":{"line":246,"column":21},"end":{"line":246,"column":36}},"type":"binary-expr","locations":[{"start":{"line":246,"column":21},"end":{"line":246,"column":36}},{"start":{"line":246,"column":40},"end":{"line":246,"column":73}}]},"10":{"loc":{"start":{"line":247,"column":4},"end":{"line":252,"column":null}},"type":"if","locations":[{"start":{"line":247,"column":4},"end":{"line":252,"column":null}},{"start":{"line":247,"column":4},"end":{"line":252,"column":null}}]},"11":{"loc":{"start":{"line":247,"column":8},"end":{"line":247,"column":19}},"type":"binary-expr","locations":[{"start":{"line":247,"column":8},"end":{"line":247,"column":19}},{"start":{"line":247,"column":23},"end":{"line":247,"column":31}}]},"12":{"loc":{"start":{"line":251,"column":19},"end":{"line":251,"column":42}},"type":"binary-expr","locations":[{"start":{"line":251,"column":19},"end":{"line":251,"column":42}},{"start":{"line":251,"column":46},"end":{"line":251,"column":66}}]},"13":{"loc":{"start":{"line":253,"column":11},"end":{"line":253,"column":19}},"type":"binary-expr","locations":[{"start":{"line":253,"column":11},"end":{"line":253,"column":19}},{"start":{"line":253,"column":23},"end":{"line":253,"column":33}}]},"14":{"loc":{"start":{"line":285,"column":11},"end":{"line":285,"column":20}},"type":"binary-expr","locations":[{"start":{"line":285,"column":11},"end":{"line":285,"column":20}},{"start":{"line":285,"column":25},"end":{"line":285,"column":48}},{"start":{"line":285,"column":52},"end":{"line":285,"column":75}}]},"15":{"loc":{"start":{"line":287,"column":6},"end":{"line":291,"column":null}},"type":"if","locations":[{"start":{"line":287,"column":6},"end":{"line":291,"column":null}},{"start":{"line":287,"column":6},"end":{"line":291,"column":null}}]},"16":{"loc":{"start":{"line":288,"column":8},"end":{"line":290,"column":null}},"type":"if","locations":[{"start":{"line":288,"column":8},"end":{"line":290,"column":null}},{"start":{"line":288,"column":8},"end":{"line":290,"column":null}}]},"17":{"loc":{"start":{"line":296,"column":6},"end":{"line":308,"column":null}},"type":"if","locations":[{"start":{"line":296,"column":6},"end":{"line":308,"column":null}},{"start":{"line":296,"column":6},"end":{"line":308,"column":null}}]},"18":{"loc":{"start":{"line":297,"column":8},"end":{"line":307,"column":null}},"type":"if","locations":[{"start":{"line":297,"column":8},"end":{"line":307,"column":null}},{"start":{"line":297,"column":8},"end":{"line":307,"column":null}}]},"19":{"loc":{"start":{"line":298,"column":10},"end":{"line":301,"column":null}},"type":"if","locations":[{"start":{"line":298,"column":10},"end":{"line":301,"column":null}},{"start":{"line":298,"column":10},"end":{"line":301,"column":null}}]},"20":{"loc":{"start":{"line":303,"column":10},"end":{"line":306,"column":null}},"type":"if","locations":[{"start":{"line":303,"column":10},"end":{"line":306,"column":null}},{"start":{"line":303,"column":10},"end":{"line":306,"column":null}}]},"21":{"loc":{"start":{"line":315,"column":4},"end":{"line":317,"column":null}},"type":"if","locations":[{"start":{"line":315,"column":4},"end":{"line":317,"column":null}},{"start":{"line":315,"column":4},"end":{"line":317,"column":null}}]},"22":{"loc":{"start":{"line":333,"column":6},"end":{"line":335,"column":null}},"type":"if","locations":[{"start":{"line":333,"column":6},"end":{"line":335,"column":null}},{"start":{"line":333,"column":6},"end":{"line":335,"column":null}}]},"23":{"loc":{"start":{"line":339,"column":6},"end":{"line":344,"column":null}},"type":"if","locations":[{"start":{"line":339,"column":6},"end":{"line":344,"column":null}},{"start":{"line":339,"column":6},"end":{"line":344,"column":null}}]},"24":{"loc":{"start":{"line":340,"column":8},"end":{"line":343,"column":null}},"type":"if","locations":[{"start":{"line":340,"column":8},"end":{"line":343,"column":null}},{"start":{"line":340,"column":8},"end":{"line":343,"column":null}}]},"25":{"loc":{"start":{"line":349,"column":4},"end":{"line":351,"column":null}},"type":"if","locations":[{"start":{"line":349,"column":4},"end":{"line":351,"column":null}},{"start":{"line":349,"column":4},"end":{"line":351,"column":null}}]},"26":{"loc":{"start":{"line":384,"column":11},"end":{"line":384,"column":18}},"type":"binary-expr","locations":[{"start":{"line":384,"column":11},"end":{"line":384,"column":18}},{"start":{"line":384,"column":22},"end":{"line":384,"column":35}}]},"27":{"loc":{"start":{"line":422,"column":4},"end":{"line":431,"column":null}},"type":"if","locations":[{"start":{"line":422,"column":4},"end":{"line":431,"column":null}},{"start":{"line":422,"column":4},"end":{"line":431,"column":null}}]},"28":{"loc":{"start":{"line":424,"column":8},"end":{"line":429,"column":null}},"type":"if","locations":[{"start":{"line":424,"column":8},"end":{"line":429,"column":null}},{"start":{"line":424,"column":8},"end":{"line":429,"column":null}}]},"29":{"loc":{"start":{"line":425,"column":10},"end":{"line":425,"column":45}},"type":"binary-expr","locations":[{"start":{"line":425,"column":10},"end":{"line":425,"column":45}},{"start":{"line":426,"column":10},"end":{"line":426,"column":45}}]},"30":{"loc":{"start":{"line":454,"column":4},"end":{"line":461,"column":null}},"type":"if","locations":[{"start":{"line":454,"column":4},"end":{"line":461,"column":null}},{"start":{"line":454,"column":4},"end":{"line":461,"column":null}}]},"31":{"loc":{"start":{"line":455,"column":6},"end":{"line":455,"column":41}},"type":"binary-expr","locations":[{"start":{"line":455,"column":6},"end":{"line":455,"column":41}},{"start":{"line":456,"column":6},"end":{"line":456,"column":36}},{"start":{"line":457,"column":6},"end":{"line":457,"column":36}}]},"32":{"loc":{"start":{"line":481,"column":4},"end":{"line":483,"column":null}},"type":"if","locations":[{"start":{"line":481,"column":4},"end":{"line":483,"column":null}},{"start":{"line":481,"column":4},"end":{"line":483,"column":null}}]},"33":{"loc":{"start":{"line":485,"column":4},"end":{"line":487,"column":null}},"type":"if","locations":[{"start":{"line":485,"column":4},"end":{"line":487,"column":null}},{"start":{"line":485,"column":4},"end":{"line":487,"column":null}}]},"34":{"loc":{"start":{"line":488,"column":4},"end":{"line":490,"column":null}},"type":"if","locations":[{"start":{"line":488,"column":4},"end":{"line":490,"column":null}},{"start":{"line":488,"column":4},"end":{"line":490,"column":null}}]},"35":{"loc":{"start":{"line":491,"column":4},"end":{"line":493,"column":null}},"type":"if","locations":[{"start":{"line":491,"column":4},"end":{"line":493,"column":null}},{"start":{"line":491,"column":4},"end":{"line":493,"column":null}}]},"36":{"loc":{"start":{"line":512,"column":4},"end":{"line":514,"column":null}},"type":"if","locations":[{"start":{"line":512,"column":4},"end":{"line":514,"column":null}},{"start":{"line":512,"column":4},"end":{"line":514,"column":null}}]},"37":{"loc":{"start":{"line":516,"column":4},"end":{"line":518,"column":null}},"type":"if","locations":[{"start":{"line":516,"column":4},"end":{"line":518,"column":null}},{"start":{"line":516,"column":4},"end":{"line":518,"column":null}}]},"38":{"loc":{"start":{"line":519,"column":4},"end":{"line":521,"column":null}},"type":"if","locations":[{"start":{"line":519,"column":4},"end":{"line":521,"column":null}},{"start":{"line":519,"column":4},"end":{"line":521,"column":null}}]},"39":{"loc":{"start":{"line":522,"column":4},"end":{"line":524,"column":null}},"type":"if","locations":[{"start":{"line":522,"column":4},"end":{"line":524,"column":null}},{"start":{"line":522,"column":4},"end":{"line":524,"column":null}}]},"40":{"loc":{"start":{"line":555,"column":4},"end":{"line":557,"column":null}},"type":"if","locations":[{"start":{"line":555,"column":4},"end":{"line":557,"column":null}},{"start":{"line":555,"column":4},"end":{"line":557,"column":null}}]},"41":{"loc":{"start":{"line":555,"column":8},"end":{"line":555,"column":27}},"type":"binary-expr","locations":[{"start":{"line":555,"column":8},"end":{"line":555,"column":27}},{"start":{"line":555,"column":31},"end":{"line":555,"column":42}}]},"42":{"loc":{"start":{"line":558,"column":4},"end":{"line":562,"column":null}},"type":"if","locations":[{"start":{"line":558,"column":4},"end":{"line":562,"column":null}},{"start":{"line":558,"column":4},"end":{"line":562,"column":null}}]},"43":{"loc":{"start":{"line":603,"column":24},"end":{"line":603,"column":28}},"type":"cond-expr","locations":[{"start":{"line":603,"column":24},"end":{"line":603,"column":28}},{"start":{"line":603,"column":31},"end":{"line":603,"column":36}}]},"44":{"loc":{"start":{"line":647,"column":4},"end":{"line":649,"column":null}},"type":"if","locations":[{"start":{"line":647,"column":4},"end":{"line":649,"column":null}},{"start":{"line":647,"column":4},"end":{"line":649,"column":null}}]},"45":{"loc":{"start":{"line":651,"column":4},"end":{"line":653,"column":null}},"type":"if","locations":[{"start":{"line":651,"column":4},"end":{"line":653,"column":null}},{"start":{"line":651,"column":4},"end":{"line":653,"column":null}}]},"46":{"loc":{"start":{"line":666,"column":4},"end":{"line":671,"column":null}},"type":"if","locations":[{"start":{"line":666,"column":4},"end":{"line":671,"column":null}},{"start":{"line":666,"column":4},"end":{"line":671,"column":null}}]},"47":{"loc":{"start":{"line":667,"column":6},"end":{"line":667,"column":41}},"type":"binary-expr","locations":[{"start":{"line":667,"column":6},"end":{"line":667,"column":41}},{"start":{"line":668,"column":6},"end":{"line":668,"column":41}}]},"48":{"loc":{"start":{"line":673,"column":4},"end":{"line":696,"column":null}},"type":"if","locations":[{"start":{"line":673,"column":4},"end":{"line":696,"column":null}},{"start":{"line":673,"column":4},"end":{"line":696,"column":null}}]},"49":{"loc":{"start":{"line":675,"column":6},"end":{"line":678,"column":null}},"type":"if","locations":[{"start":{"line":675,"column":6},"end":{"line":678,"column":null}},{"start":{"line":675,"column":6},"end":{"line":678,"column":null}}]},"50":{"loc":{"start":{"line":688,"column":6},"end":{"line":695,"column":null}},"type":"if","locations":[{"start":{"line":688,"column":6},"end":{"line":695,"column":null}},{"start":{"line":688,"column":6},"end":{"line":695,"column":null}}]},"51":{"loc":{"start":{"line":746,"column":4},"end":{"line":750,"column":null}},"type":"if","locations":[{"start":{"line":746,"column":4},"end":{"line":750,"column":null}},{"start":{"line":746,"column":4},"end":{"line":750,"column":null}}]},"52":{"loc":{"start":{"line":823,"column":22},"end":{"line":823,"column":32}},"type":"binary-expr","locations":[{"start":{"line":823,"column":22},"end":{"line":823,"column":32}},{"start":{"line":823,"column":36},"end":{"line":823,"column":45}}]},"53":{"loc":{"start":{"line":864,"column":6},"end":{"line":867,"column":null}},"type":"if","locations":[{"start":{"line":864,"column":6},"end":{"line":867,"column":null}},{"start":{"line":864,"column":6},"end":{"line":867,"column":null}}]}},"s":{"0":1,"1":1,"2":2,"3":2,"4":2,"5":2,"6":2,"7":2,"8":2,"9":2,"10":2,"11":2,"12":2,"13":2,"14":2,"15":2,"16":2,"17":0,"18":0,"19":0,"20":0,"21":0,"22":0,"23":0,"24":0,"25":0,"26":0,"27":0,"28":0,"29":0,"30":0,"31":1,"32":1,"33":1,"34":1,"35":1,"36":0,"37":0,"38":0,"39":0,"40":0,"41":0,"42":0,"43":0,"44":0,"45":4,"46":4,"47":4,"48":1,"49":1,"50":1,"51":0,"52":0,"53":1,"54":1,"55":1,"56":11,"57":11,"58":11,"59":11,"60":2,"61":2,"62":2,"63":2,"64":0,"65":0,"66":2,"67":0,"68":0,"69":0,"70":0,"71":0,"72":0,"73":0,"74":0,"75":0,"76":0,"77":0,"78":0,"79":0,"80":0,"81":0,"82":0,"83":0,"84":0,"85":0,"86":0,"87":0,"88":0,"89":0,"90":0,"91":1,"92":1,"93":1,"94":1,"95":1,"96":20,"97":20,"98":11,"99":20,"100":1,"101":1,"102":1,"103":20,"104":20,"105":20,"106":1,"107":1,"108":1,"109":0,"110":0,"111":0,"112":0,"113":0,"114":1,"115":0,"116":0,"117":0,"118":0,"119":0,"120":1,"121":1,"122":1,"123":1,"124":1,"125":1,"126":1,"127":1,"128":1,"129":1,"130":1,"131":1,"132":1,"133":1,"134":1,"135":1,"136":1,"137":11,"138":0,"139":11,"140":11,"141":11,"142":11,"143":11,"144":11,"145":11,"146":21,"147":0,"148":21,"149":8,"150":13,"151":1,"152":12,"153":0,"154":12,"155":0,"156":0,"157":0,"158":0,"159":0,"160":0,"161":0,"162":0,"163":0,"164":0,"165":0,"166":0,"167":0,"168":0,"169":0,"170":0,"171":0,"172":0,"173":0,"174":0,"175":0,"176":0,"177":0,"178":0,"179":0,"180":0,"181":0,"182":0,"183":0,"184":0,"185":0,"186":0,"187":0,"188":0,"189":0,"190":0,"191":0,"192":0,"193":0,"194":0,"195":0,"196":0,"197":2,"198":0,"199":0,"200":0,"201":0,"202":0,"203":0,"204":0,"205":0,"206":0,"207":0,"208":0,"209":0,"210":0,"211":0,"212":0,"213":0,"214":0,"215":0,"216":0,"217":0,"218":0,"219":0,"220":0,"221":0,"222":0,"223":0,"224":0,"225":0,"226":0,"227":0,"228":0,"229":0,"230":11,"231":11,"232":11,"233":11,"234":11,"235":11,"236":11,"237":1},"f":{"0":2,"1":0,"2":0,"3":1,"4":1,"5":0,"6":0,"7":4,"8":1,"9":0,"10":2,"11":0,"12":1,"13":0,"14":1,"15":0,"16":1,"17":1,"18":11,"19":21,"20":0,"21":0,"22":0,"23":0,"24":0,"25":0,"26":0,"27":0,"28":0,"29":0,"30":2,"31":0,"32":0,"33":0,"34":0,"35":0,"36":0,"37":0,"38":11},"b":{"0":[2],"1":[2],"2":[2],"3":[0,0],"4":[0,0,0],"5":[0,0],"6":[1,0],"7":[0,1],"8":[2,2],"9":[2,2],"10":[0,2],"11":[2,0],"12":[0,0],"13":[2,2],"14":[0,0,0],"15":[0,0],"16":[0,0],"17":[0,0],"18":[0,0],"19":[0,0],"20":[0,0],"21":[0,0],"22":[11,9],"23":[1,19],"24":[1,0],"25":[1,0],"26":[1,0],"27":[1,0],"28":[1,0],"29":[1,1],"30":[1,0],"31":[1,1,1],"32":[0,11],"33":[11,0],"34":[11,0],"35":[11,0],"36":[0,21],"37":[8,13],"38":[1,12],"39":[0,12],"40":[0,0],"41":[0,0],"42":[0,0],"43":[0,0],"44":[0,0],"45":[0,0],"46":[0,0],"47":[0,0],"48":[0,0],"49":[0,0],"50":[0,0],"51":[0,0],"52":[0,0],"53":[11,0]}}
,"/home/travis/build/googlemaps/v3-utility-library/packages/markermanager/src/utils.ts": {"path":"/home/travis/build/googlemaps/v3-utility-library/packages/markermanager/src/utils.ts","statementMap":{"0":{"start":{"line":23,"column":2},"end":{"line":23,"column":23}},"1":{"start":{"line":32,"column":19},"end":{"line":32,"column":50}},"2":{"start":{"line":33,"column":2},"end":{"line":33,"column":73}},"3":{"start":{"line":46,"column":2},"end":{"line":49,"column":4}},"4":{"start":{"line":42,"column":0},"end":{"line":42,"column":16}}},"fnMap":{"0":{"name":"lngToX","decl":{"start":{"line":22,"column":9},"end":{"line":22,"column":15}},"loc":{"start":{"line":22,"column":27},"end":{"line":24,"column":1}}},"1":{"name":"latToY","decl":{"start":{"line":31,"column":9},"end":{"line":31,"column":15}},"loc":{"start":{"line":31,"column":27},"end":{"line":34,"column":1}}},"2":{"name":"latLngToPixel","decl":{"start":{"line":42,"column":16},"end":{"line":42,"column":29}},"loc":{"start":{"line":44,"column":14},"end":{"line":50,"column":1}}}},"branchMap":{},"s":{"0":4,"1":4,"2":4,"3":4,"4":1},"f":{"0":4,"1":4,"2":4},"b":{}}
}
