TN:
SF:src/gridbounds.ts
FN:33,(anonymous_0)
FN:47,(anonymous_1)
FN:65,(anonymous_2)
FNF:3
FNH:1
FNDA:1,(anonymous_0)
FNDA:0,(anonymous_1)
FNDA:0,(anonymous_2)
DA:21,1
DA:35,1
DA:36,1
DA:37,1
DA:38,1
DA:39,1
DA:48,0
DA:54,0
DA:56,0
DA:66,0
LF:10
LH:6
BRDA:48,0,0,0
BRDA:48,0,1,0
BRDA:49,1,0,0
BRDA:49,1,1,0
BRDA:49,1,2,0
BRDA:49,1,3,0
BRDA:67,2,0,0
BRDA:67,2,1,0
BRDA:67,2,2,0
BRDA:67,2,3,0
BRF:10
BRH:0
end_of_record
TN:
SF:src/markermanager.ts
FN:53,(anonymous_0)
FN:75,(anonymous_1)
FN:80,(anonymous_2)
FN:127,(anonymous_3)
FN:137,(anonymous_4)
FN:148,(anonymous_5)
FN:162,(anonymous_6)
FN:178,(anonymous_7)
FN:202,(anonymous_8)
FN:213,(anonymous_9)
FN:242,(anonymous_10)
FN:265,(anonymous_11)
FN:325,(anonymous_12)
FN:363,(anonymous_13)
FN:383,(anonymous_14)
FN:393,(anonymous_15)
FN:411,(anonymous_16)
FN:442,(anonymous_17)
FN:475,(anonymous_18)
FN:507,(anonymous_19)
FN:539,(anonymous_20)
FN:575,(anonymous_21)
FN:591,(anonymous_22)
FN:602,(anonymous_23)
FN:611,(anonymous_24)
FN:618,(anonymous_25)
FN:626,(anonymous_26)
FN:634,(anonymous_27)
FN:646,(anonymous_28)
FN:660,(anonymous_29)
FN:705,(anonymous_30)
FN:720,(anonymous_31)
FN:739,(anonymous_32)
FN:760,(anonymous_33)
FN:771,(anonymous_34)
FN:787,(anonymous_35)
FN:792,(anonymous_36)
FN:805,(anonymous_37)
FN:858,(anonymous_38)
FNF:39
FNH:14
FNDA:2,(anonymous_0)
FNDA:0,(anonymous_1)
FNDA:0,(anonymous_2)
FNDA:1,(anonymous_3)
FNDA:1,(anonymous_4)
FNDA:0,(anonymous_5)
FNDA:0,(anonymous_6)
FNDA:4,(anonymous_7)
FNDA:1,(anonymous_8)
FNDA:0,(anonymous_9)
FNDA:2,(anonymous_10)
FNDA:0,(anonymous_11)
FNDA:1,(anonymous_12)
FNDA:0,(anonymous_13)
FNDA:1,(anonymous_14)
FNDA:0,(anonymous_15)
FNDA:1,(anonymous_16)
FNDA:1,(anonymous_17)
FNDA:11,(anonymous_18)
FNDA:21,(anonymous_19)
FNDA:0,(anonymous_20)
FNDA:0,(anonymous_21)
FNDA:0,(anonymous_22)
FNDA:0,(anonymous_23)
FNDA:0,(anonymous_24)
FNDA:0,(anonymous_25)
FNDA:0,(anonymous_26)
FNDA:0,(anonymous_27)
FNDA:0,(anonymous_28)
FNDA:0,(anonymous_29)
FNDA:2,(anonymous_30)
FNDA:0,(anonymous_31)
FNDA:0,(anonymous_32)
FNDA:0,(anonymous_33)
FNDA:0,(anonymous_34)
FNDA:0,(anonymous_35)
FNDA:0,(anonymous_36)
FNDA:0,(anonymous_37)
FNDA:11,(anonymous_38)
DA:19,1
DA:20,1
DA:39,2
DA:57,2
DA:58,2
DA:59,2
DA:60,2
DA:63,2
DA:64,2
DA:66,2
DA:67,2
DA:68,2
DA:69,2
DA:70,2
DA:72,2
DA:73,2
DA:75,2
DA:76,0
DA:81,0
DA:84,0
DA:85,0
DA:86,0
DA:91,0
DA:92,0
DA:93,0
DA:98,0
DA:104,0
DA:110,0
DA:116,0
DA:118,0
DA:120,0
DA:128,1
DA:129,1
DA:138,1
DA:139,1
DA:140,1
DA:149,0
DA:150,0
DA:151,0
DA:152,0
DA:153,0
DA:154,0
DA:163,0
DA:164,0
DA:183,4
DA:185,4
DA:190,4
DA:207,1
DA:208,1
DA:212,1
DA:213,0
DA:214,0
DA:218,1
DA:224,1
DA:225,11
DA:226,11
DA:228,11
DA:229,11
DA:244,2
DA:245,2
DA:246,2
DA:247,2
DA:250,0
DA:251,0
DA:253,2
DA:273,0
DA:274,0
DA:275,0
DA:280,0
DA:285,0
DA:286,0
DA:287,0
DA:288,0
DA:289,0
DA:296,0
DA:297,0
DA:298,0
DA:299,0
DA:300,0
DA:303,0
DA:304,0
DA:305,0
DA:309,0
DA:310,0
DA:311,0
DA:312,0
DA:313,0
DA:315,0
DA:316,0
DA:326,1
DA:327,1
DA:328,1
DA:329,1
DA:330,1
DA:331,20
DA:333,20
DA:334,11
DA:339,20
DA:340,1
DA:341,1
DA:342,1
DA:345,20
DA:346,20
DA:347,20
DA:349,1
DA:350,1
DA:352,1
DA:368,0
DA:369,0
DA:370,0
DA:373,0
DA:384,1
DA:394,0
DA:395,0
DA:396,0
DA:398,0
DA:412,1
DA:413,1
DA:419,1
DA:421,1
DA:422,1
DA:423,1
DA:424,1
DA:428,1
DA:432,1
DA:447,1
DA:448,1
DA:449,1
DA:454,1
DA:459,1
DA:460,1
DA:462,1
DA:481,11
DA:482,0
DA:485,11
DA:486,11
DA:488,11
DA:489,11
DA:491,11
DA:492,11
DA:494,11
DA:512,21
DA:513,0
DA:516,21
DA:517,8
DA:519,13
DA:520,1
DA:522,12
DA:523,0
DA:525,12
DA:545,0
DA:547,0
DA:548,0
DA:549,0
DA:551,0
DA:552,0
DA:555,0
DA:556,0
DA:558,0
DA:560,0
DA:561,0
DA:564,0
DA:565,0
DA:567,0
DA:576,0
DA:592,0
DA:603,0
DA:612,0
DA:619,0
DA:620,0
DA:627,0
DA:628,0
DA:635,0
DA:636,0
DA:647,0
DA:648,0
DA:651,0
DA:652,0
DA:654,0
DA:661,0
DA:662,0
DA:666,0
DA:670,0
DA:673,0
DA:674,0
DA:675,0
DA:677,0
DA:681,0
DA:688,0
DA:690,0
DA:697,0
DA:699,0
DA:706,2
DA:724,0
DA:725,0
DA:726,0
DA:745,0
DA:746,0
DA:747,0
DA:748,0
DA:761,0
DA:772,0
DA:792,0
DA:793,0
DA:810,0
DA:811,0
DA:812,0
DA:813,0
DA:814,0
DA:815,0
DA:816,0
DA:817,0
DA:820,0
DA:823,0
DA:825,0
DA:828,0
DA:833,0
DA:837,0
DA:840,0
DA:842,0
DA:845,0
DA:850,0
DA:862,11
DA:863,11
DA:864,11
DA:865,11
DA:866,11
DA:869,11
DA:873,1
LF:229
LH:97
BRDA:55,0,0,2
BRDA:55,1,0,2
BRDA:55,2,0,2
BRDA:86,3,0,0
BRDA:86,3,1,0
BRDA:87,4,0,0
BRDA:87,4,1,0
BRDA:87,4,2,0
BRDA:92,5,0,0
BRDA:92,5,1,0
BRDA:138,6,0,1
BRDA:138,6,1,0
BRDA:212,7,0,0
BRDA:212,7,1,1
BRDA:244,8,0,2
BRDA:244,8,1,2
BRDA:246,9,0,2
BRDA:246,9,1,2
BRDA:247,10,0,0
BRDA:247,10,1,2
BRDA:247,11,0,2
BRDA:247,11,1,0
BRDA:251,12,0,0
BRDA:251,12,1,0
BRDA:253,13,0,2
BRDA:253,13,1,2
BRDA:285,14,0,0
BRDA:285,14,1,0
BRDA:285,14,2,0
BRDA:287,15,0,0
BRDA:287,15,1,0
BRDA:288,16,0,0
BRDA:288,16,1,0
BRDA:296,17,0,0
BRDA:296,17,1,0
BRDA:297,18,0,0
BRDA:297,18,1,0
BRDA:298,19,0,0
BRDA:298,19,1,0
BRDA:303,20,0,0
BRDA:303,20,1,0
BRDA:315,21,0,0
BRDA:315,21,1,0
BRDA:333,22,0,11
BRDA:333,22,1,9
BRDA:339,23,0,1
BRDA:339,23,1,19
BRDA:340,24,0,1
BRDA:340,24,1,0
BRDA:349,25,0,1
BRDA:349,25,1,0
BRDA:384,26,0,1
BRDA:384,26,1,0
BRDA:422,27,0,1
BRDA:422,27,1,0
BRDA:424,28,0,1
BRDA:424,28,1,0
BRDA:425,29,0,1
BRDA:425,29,1,1
BRDA:454,30,0,1
BRDA:454,30,1,0
BRDA:455,31,0,1
BRDA:455,31,1,1
BRDA:455,31,2,1
BRDA:481,32,0,0
BRDA:481,32,1,11
BRDA:485,33,0,11
BRDA:485,33,1,0
BRDA:488,34,0,11
BRDA:488,34,1,0
BRDA:491,35,0,11
BRDA:491,35,1,0
BRDA:512,36,0,0
BRDA:512,36,1,21
BRDA:516,37,0,8
BRDA:516,37,1,13
BRDA:519,38,0,1
BRDA:519,38,1,12
BRDA:522,39,0,0
BRDA:522,39,1,12
BRDA:555,40,0,0
BRDA:555,40,1,0
BRDA:555,41,0,0
BRDA:555,41,1,0
BRDA:558,42,0,0
BRDA:558,42,1,0
BRDA:603,43,0,0
BRDA:603,43,1,0
BRDA:647,44,0,0
BRDA:647,44,1,0
BRDA:651,45,0,0
BRDA:651,45,1,0
BRDA:666,46,0,0
BRDA:666,46,1,0
BRDA:667,47,0,0
BRDA:667,47,1,0
BRDA:673,48,0,0
BRDA:673,48,1,0
BRDA:675,49,0,0
BRDA:675,49,1,0
BRDA:688,50,0,0
BRDA:688,50,1,0
BRDA:746,51,0,0
BRDA:746,51,1,0
BRDA:823,52,0,0
BRDA:823,52,1,0
BRDA:864,53,0,11
BRDA:864,53,1,0
BRF:108
BRH:39
end_of_record
TN:
SF:src/utils.ts
FN:22,lngToX
FN:31,latToY
FN:42,latLngToPixel
FNF:3
FNH:3
FNDA:4,lngToX
FNDA:4,latToY
FNDA:4,latLngToPixel
DA:23,4
DA:32,4
DA:33,4
DA:42,1
DA:46,4
LF:5
LH:5
BRF:0
BRH:0
end_of_record
