{"/home/travis/build/googlemaps/v3-utility-library/packages/loader/src/loader.ts": {"path":"/home/travis/build/googlemaps/v3-utility-library/packages/loader/src/loader.ts","statementMap":{"0":{"start":{"line":39,"column":10},"end":{"line":39,"column":46}},"1":{"start":{"line":40,"column":10},"end":{"line":40,"column":58}},"2":{"start":{"line":41,"column":10},"end":{"line":41,"column":51}},"3":{"start":{"line":42,"column":10},"end":{"line":42,"column":23}},"4":{"start":{"line":43,"column":10},"end":{"line":43,"column":26}},"5":{"start":{"line":55,"column":4},"end":{"line":55,"column":27}},"6":{"start":{"line":56,"column":4},"end":{"line":56,"column":25}},"7":{"start":{"line":57,"column":4},"end":{"line":57,"column":31}},"8":{"start":{"line":58,"column":4},"end":{"line":58,"column":27}},"9":{"start":{"line":59,"column":4},"end":{"line":59,"column":29}},"10":{"start":{"line":60,"column":4},"end":{"line":60,"column":29}},"11":{"start":{"line":61,"column":4},"end":{"line":61,"column":25}},"12":{"start":{"line":65,"column":14},"end":{"line":65,"column":22}},"13":{"start":{"line":67,"column":4},"end":{"line":67,"column":40}},"14":{"start":{"line":69,"column":4},"end":{"line":71,"column":null}},"15":{"start":{"line":70,"column":6},"end":{"line":70,"column":35}},"16":{"start":{"line":73,"column":4},"end":{"line":75,"column":null}},"17":{"start":{"line":74,"column":6},"end":{"line":74,"column":54}},"18":{"start":{"line":77,"column":4},"end":{"line":79,"column":null}},"19":{"start":{"line":78,"column":6},"end":{"line":78,"column":40}},"20":{"start":{"line":81,"column":4},"end":{"line":83,"column":null}},"21":{"start":{"line":82,"column":6},"end":{"line":82,"column":40}},"22":{"start":{"line":85,"column":4},"end":{"line":87,"column":null}},"23":{"start":{"line":86,"column":6},"end":{"line":86,"column":42}},"24":{"start":{"line":89,"column":4},"end":{"line":91,"column":null}},"25":{"start":{"line":90,"column":6},"end":{"line":90,"column":38}},"26":{"start":{"line":93,"column":4},"end":{"line":95,"column":null}},"27":{"start":{"line":94,"column":6},"end":{"line":94,"column":34}},"28":{"start":{"line":97,"column":4},"end":{"line":97,"column":15}},"29":{"start":{"line":101,"column":4},"end":{"line":101,"column":30}},"30":{"start":{"line":105,"column":4},"end":{"line":113,"column":7}},"31":{"start":{"line":106,"column":6},"end":{"line":112,"column":9}},"32":{"start":{"line":107,"column":8},"end":{"line":111,"column":null}},"33":{"start":{"line":108,"column":10},"end":{"line":108,"column":20}},"34":{"start":{"line":110,"column":10},"end":{"line":110,"column":22}},"35":{"start":{"line":117,"column":4},"end":{"line":117,"column":28}},"36":{"start":{"line":118,"column":4},"end":{"line":118,"column":19}},"37":{"start":{"line":122,"column":16},"end":{"line":122,"column":32}},"38":{"start":{"line":123,"column":19},"end":{"line":123,"column":51}},"39":{"start":{"line":125,"column":4},"end":{"line":125,"column":36}},"40":{"start":{"line":126,"column":4},"end":{"line":126,"column":21}},"41":{"start":{"line":127,"column":4},"end":{"line":127,"column":44}},"42":{"start":{"line":128,"column":4},"end":{"line":128,"column":24}},"43":{"start":{"line":129,"column":4},"end":{"line":129,"column":24}},"44":{"start":{"line":130,"column":4},"end":{"line":130,"column":38}},"45":{"start":{"line":134,"column":4},"end":{"line":134,"column":26}},"46":{"start":{"line":135,"column":4},"end":{"line":135,"column":20}},"47":{"start":{"line":139,"column":5},"end":{"line":139,"column":62}},"48":{"start":{"line":143,"column":4},"end":{"line":143,"column":21}},"49":{"start":{"line":144,"column":4},"end":{"line":144,"column":25}},"50":{"start":{"line":146,"column":4},"end":{"line":148,"column":7}},"51":{"start":{"line":147,"column":6},"end":{"line":147,"column":28}},"52":{"start":{"line":150,"column":4},"end":{"line":150,"column":24}},"53":{"start":{"line":154,"column":4},"end":{"line":164,"column":null}},"54":{"start":{"line":155,"column":6},"end":{"line":155,"column":22}},"55":{"start":{"line":157,"column":6},"end":{"line":163,"column":null}},"56":{"start":{"line":160,"column":8},"end":{"line":160,"column":28}},"57":{"start":{"line":161,"column":8},"end":{"line":161,"column":27}},"58":{"start":{"line":162,"column":8},"end":{"line":162,"column":25}},"59":{"start":{"line":30,"column":0},"end":{"line":30,"column":13}}},"fnMap":{"0":{"name":"(anonymous_0)","decl":{"start":{"line":46,"column":2},"end":{"line":46,"column":14}},"loc":{"start":{"line":54,"column":18},"end":{"line":62,"column":3}}},"1":{"name":"(anonymous_1)","decl":{"start":{"line":64,"column":9},"end":{"line":64,"column":18}},"loc":{"start":{"line":64,"column":18},"end":{"line":98,"column":3}}},"2":{"name":"(anonymous_2)","decl":{"start":{"line":100,"column":9},"end":{"line":100,"column":13}},"loc":{"start":{"line":100,"column":13},"end":{"line":102,"column":3}}},"3":{"name":"(anonymous_3)","decl":{"start":{"line":104,"column":9},"end":{"line":104,"column":20}},"loc":{"start":{"line":104,"column":20},"end":{"line":114,"column":3}}},"4":{"name":"(anonymous_4)","decl":{"start":{"line":105,"column":23},"end":{"line":105,"column":24}},"loc":{"start":{"line":105,"column":43},"end":{"line":113,"column":5}}},"5":{"name":"(anonymous_5)","decl":{"start":{"line":106,"column":24},"end":{"line":106,"column":25}},"loc":{"start":{"line":106,"column":39},"end":{"line":112,"column":7}}},"6":{"name":"(anonymous_6)","decl":{"start":{"line":116,"column":9},"end":{"line":116,"column":21}},"loc":{"start":{"line":116,"column":43},"end":{"line":119,"column":3}}},"7":{"name":"(anonymous_7)","decl":{"start":{"line":121,"column":10},"end":{"line":121,"column":19}},"loc":{"start":{"line":121,"column":19},"end":{"line":131,"column":3}}},"8":{"name":"(anonymous_8)","decl":{"start":{"line":133,"column":10},"end":{"line":133,"column":27}},"loc":{"start":{"line":133,"column":36},"end":{"line":136,"column":3}}},"9":{"name":"(anonymous_9)","decl":{"start":{"line":138,"column":10},"end":{"line":138,"column":21}},"loc":{"start":{"line":138,"column":21},"end":{"line":140,"column":3}}},"10":{"name":"(anonymous_10)","decl":{"start":{"line":142,"column":10},"end":{"line":142,"column":18}},"loc":{"start":{"line":142,"column":18},"end":{"line":151,"column":3}}},"11":{"name":"(anonymous_11)","decl":{"start":{"line":146,"column":27},"end":{"line":146,"column":29}},"loc":{"start":{"line":146,"column":32},"end":{"line":148,"column":5}}},"12":{"name":"(anonymous_12)","decl":{"start":{"line":153,"column":10},"end":{"line":153,"column":17}},"loc":{"start":{"line":153,"column":17},"end":{"line":165,"column":3}}}},"branchMap":{"0":{"loc":{"start":{"line":48,"column":16},"end":{"line":48,"column":18}},"type":"default-arg","locations":[{"start":{"line":48,"column":16},"end":{"line":48,"column":18}}]},"1":{"loc":{"start":{"line":69,"column":4},"end":{"line":71,"column":null}},"type":"if","locations":[{"start":{"line":69,"column":4},"end":{"line":71,"column":null}},{"start":{"line":69,"column":4},"end":{"line":71,"column":null}}]},"2":{"loc":{"start":{"line":73,"column":4},"end":{"line":75,"column":null}},"type":"if","locations":[{"start":{"line":73,"column":4},"end":{"line":75,"column":null}},{"start":{"line":73,"column":4},"end":{"line":75,"column":null}}]},"3":{"loc":{"start":{"line":77,"column":4},"end":{"line":79,"column":null}},"type":"if","locations":[{"start":{"line":77,"column":4},"end":{"line":79,"column":null}},{"start":{"line":77,"column":4},"end":{"line":79,"column":null}}]},"4":{"loc":{"start":{"line":81,"column":4},"end":{"line":83,"column":null}},"type":"if","locations":[{"start":{"line":81,"column":4},"end":{"line":83,"column":null}},{"start":{"line":81,"column":4},"end":{"line":83,"column":null}}]},"5":{"loc":{"start":{"line":85,"column":4},"end":{"line":87,"column":null}},"type":"if","locations":[{"start":{"line":85,"column":4},"end":{"line":87,"column":null}},{"start":{"line":85,"column":4},"end":{"line":87,"column":null}}]},"6":{"loc":{"start":{"line":89,"column":4},"end":{"line":91,"column":null}},"type":"if","locations":[{"start":{"line":89,"column":4},"end":{"line":91,"column":null}},{"start":{"line":89,"column":4},"end":{"line":91,"column":null}}]},"7":{"loc":{"start":{"line":93,"column":4},"end":{"line":95,"column":null}},"type":"if","locations":[{"start":{"line":93,"column":4},"end":{"line":95,"column":null}},{"start":{"line":93,"column":4},"end":{"line":95,"column":null}}]},"8":{"loc":{"start":{"line":107,"column":8},"end":{"line":111,"column":null}},"type":"if","locations":[{"start":{"line":107,"column":8},"end":{"line":111,"column":null}},{"start":{"line":107,"column":8},"end":{"line":111,"column":null}}]},"9":{"loc":{"start":{"line":154,"column":4},"end":{"line":164,"column":null}},"type":"if","locations":[{"start":{"line":154,"column":4},"end":{"line":164,"column":null}},{"start":{"line":154,"column":4},"end":{"line":164,"column":null}}]},"10":{"loc":{"start":{"line":157,"column":6},"end":{"line":163,"column":null}},"type":"if","locations":[{"start":{"line":157,"column":6},"end":{"line":163,"column":null}},{"start":{"line":157,"column":6},"end":{"line":163,"column":null}}]}},"s":{"0":10,"1":10,"2":10,"3":10,"4":10,"5":10,"6":10,"7":10,"8":10,"9":10,"10":10,"11":10,"12":8,"13":8,"14":8,"15":2,"16":8,"17":1,"18":8,"19":1,"20":8,"21":1,"22":8,"23":1,"24":8,"25":1,"26":8,"27":1,"28":8,"29":4,"30":6,"31":6,"32":5,"33":3,"34":2,"35":7,"36":7,"37":4,"38":4,"39":4,"40":4,"41":4,"42":4,"43":4,"44":4,"45":1,"46":1,"47":3,"48":5,"49":5,"50":5,"51":6,"52":5,"53":7,"54":2,"55":5,"56":3,"57":3,"58":3,"59":1},"f":{"0":10,"1":8,"2":4,"3":6,"4":6,"5":5,"6":7,"7":4,"8":1,"9":3,"10":5,"11":6,"12":7},"b":{"0":[9],"1":[2,6],"2":[1,7],"3":[1,7],"4":[1,7],"5":[1,7],"6":[1,7],"7":[1,7],"8":[3,2],"9":[2,5],"10":[2,3]}}
}
