TN:
SF:src/loader.ts
FN:46,(anonymous_0)
FN:64,(anonymous_1)
FN:100,(anonymous_2)
FN:104,(anonymous_3)
FN:105,(anonymous_4)
FN:106,(anonymous_5)
FN:116,(anonymous_6)
FN:121,(anonymous_7)
FN:133,(anonymous_8)
FN:138,(anonymous_9)
FN:142,(anonymous_10)
FN:146,(anonymous_11)
FN:153,(anonymous_12)
FNF:13
FNH:13
FNDA:10,(anonymous_0)
FNDA:8,(anonymous_1)
FNDA:4,(anonymous_2)
FNDA:6,(anonymous_3)
FNDA:6,(anonymous_4)
FNDA:5,(anonymous_5)
FNDA:7,(anonymous_6)
FNDA:4,(anonymous_7)
FNDA:1,(anonymous_8)
FNDA:3,(anonymous_9)
FNDA:5,(anonymous_10)
FNDA:6,(anonymous_11)
FNDA:7,(anonymous_12)
DA:30,1
DA:39,10
DA:40,10
DA:41,10
DA:42,10
DA:43,10
DA:55,10
DA:56,10
DA:57,10
DA:58,10
DA:59,10
DA:60,10
DA:61,10
DA:65,8
DA:67,8
DA:69,8
DA:70,2
DA:73,8
DA:74,1
DA:77,8
DA:78,1
DA:81,8
DA:82,1
DA:85,8
DA:86,1
DA:89,8
DA:90,1
DA:93,8
DA:94,1
DA:97,8
DA:101,4
DA:105,6
DA:106,6
DA:107,5
DA:108,3
DA:110,2
DA:117,7
DA:118,7
DA:122,4
DA:123,4
DA:125,4
DA:126,4
DA:127,4
DA:128,4
DA:129,4
DA:130,4
DA:134,1
DA:135,1
DA:139,3
DA:143,5
DA:144,5
DA:146,5
DA:147,6
DA:150,5
DA:154,7
DA:155,2
DA:157,5
DA:160,3
DA:161,3
DA:162,3
LF:60
LH:60
BRDA:48,0,0,9
BRDA:69,1,0,2
BRDA:69,1,1,6
BRDA:73,2,0,1
BRDA:73,2,1,7
BRDA:77,3,0,1
BRDA:77,3,1,7
BRDA:81,4,0,1
BRDA:81,4,1,7
BRDA:85,5,0,1
BRDA:85,5,1,7
BRDA:89,6,0,1
BRDA:89,6,1,7
BRDA:93,7,0,1
BRDA:93,7,1,7
BRDA:107,8,0,3
BRDA:107,8,1,2
BRDA:154,9,0,2
BRDA:154,9,1,5
BRDA:157,10,0,2
BRDA:157,10,1,3
BRF:21
BRH:21
end_of_record
