{"/home/travis/build/googlemaps/v3-utility-library/packages/ogc/src/wmsmaptype.ts": {"path":"/home/travis/build/googlemaps/v3-utility-library/packages/ogc/src/wmsmaptype.ts","statementMap":{"0":{"start":{"line":18,"column":0},"end":{"line":18,"column":41}},"1":{"start":{"line":23,"column":27},"end":{"line":27,"column":2}},"2":{"start":{"line":140,"column":2},"end":{"line":140,"column":20}},"3":{"start":{"line":32,"column":25},"end":{"line":32,"column":42}},"4":{"start":{"line":139,"column":2},"end":{"line":139,"column":18}},"5":{"start":{"line":37,"column":15},"end":{"line":37,"column":32}},"6":{"start":{"line":42,"column":15},"end":{"line":42,"column":31}},"7":{"start":{"line":53,"column":19},"end":{"line":53,"column":61}},"8":{"start":{"line":54,"column":15},"end":{"line":54,"column":36}},"9":{"start":{"line":55,"column":15},"end":{"line":55,"column":42}},"10":{"start":{"line":56,"column":15},"end":{"line":56,"column":42}},"11":{"start":{"line":57,"column":15},"end":{"line":57,"column":36}},"12":{"start":{"line":58,"column":2},"end":{"line":58,"column":34}},"13":{"start":{"line":141,"column":2},"end":{"line":141,"column":13}},"14":{"start":{"line":81,"column":19},"end":{"line":136,"column":1}},"15":{"start":{"line":98,"column":19},"end":{"line":98,"column":49}},"16":{"start":{"line":100,"column":14},"end":{"line":110,"column":null}},"17":{"start":{"line":113,"column":2},"end":{"line":115,"column":null}},"18":{"start":{"line":114,"column":4},"end":{"line":114,"column":15}},"19":{"start":{"line":117,"column":21},"end":{"line":125,"column":3}},"20":{"start":{"line":118,"column":4},"end":{"line":124,"column":6}},"21":{"start":{"line":127,"column":2},"end":{"line":135,"column":5}},"22":{"start":{"line":142,"column":2},"end":{"line":142,"column":12}}},"fnMap":{"0":{"name":"xyzToBounds","decl":{"start":{"line":52,"column":9},"end":{"line":52,"column":20}},"loc":{"start":{"line":52,"column":55},"end":{"line":59,"column":1}}},"1":{"name":"(anonymous_1)","decl":{"start":{"line":81,"column":19},"end":{"line":81,"column":28}},"loc":{"start":{"line":96,"column":20},"end":{"line":136,"column":1}}},"2":{"name":"(anonymous_2)","decl":{"start":{"line":117,"column":21},"end":{"line":117,"column":30}},"loc":{"start":{"line":117,"column":68},"end":{"line":125,"column":3}}}},"branchMap":{"0":{"loc":{"start":{"line":84,"column":11},"end":{"line":84,"column":13}},"type":"default-arg","locations":[{"start":{"line":84,"column":11},"end":{"line":84,"column":13}}]},"1":{"loc":{"start":{"line":85,"column":12},"end":{"line":85,"column":22}},"type":"default-arg","locations":[{"start":{"line":85,"column":12},"end":{"line":85,"column":22}}]},"2":{"loc":{"start":{"line":86,"column":12},"end":{"line":86,"column":19}},"type":"default-arg","locations":[{"start":{"line":86,"column":12},"end":{"line":86,"column":19}}]},"3":{"loc":{"start":{"line":87,"column":16},"end":{"line":87,"column":20}},"type":"default-arg","locations":[{"start":{"line":87,"column":16},"end":{"line":87,"column":20}}]},"4":{"loc":{"start":{"line":88,"column":11},"end":{"line":88,"column":22}},"type":"default-arg","locations":[{"start":{"line":88,"column":11},"end":{"line":88,"column":22}}]},"5":{"loc":{"start":{"line":89,"column":12},"end":{"line":89,"column":17}},"type":"default-arg","locations":[{"start":{"line":89,"column":12},"end":{"line":89,"column":17}}]},"6":{"loc":{"start":{"line":113,"column":2},"end":{"line":115,"column":null}},"type":"if","locations":[{"start":{"line":113,"column":2},"end":{"line":115,"column":null}},{"start":{"line":113,"column":2},"end":{"line":115,"column":null}}]}},"s":{"0":1,"1":1,"2":1,"3":1,"4":1,"5":1,"6":1,"7":3,"8":3,"9":3,"10":3,"11":3,"12":3,"13":1,"14":1,"15":2,"16":2,"17":2,"18":1,"19":2,"20":2,"21":2,"22":1},"f":{"0":3,"1":2,"2":2},"b":{"0":[1],"1":[1],"2":[1],"3":[1],"4":[1],"5":[1],"6":[1,1]}}
}
