TN:
SF:/home/travis/build/googlemaps/v3-utility-library/packages/ogc/src/wmsmaptype.ts
FN:52,xyzToBounds
FN:81,(anonymous_1)
FN:117,(anonymous_2)
FNF:3
FNH:3
FNDA:3,xyzToBounds
FNDA:2,(anonymous_1)
FNDA:2,(anonymous_2)
DA:18,1
DA:23,1
DA:32,1
DA:37,1
DA:42,1
DA:53,3
DA:54,3
DA:55,3
DA:56,3
DA:57,3
DA:58,3
DA:81,1
DA:98,2
DA:100,2
DA:113,2
DA:114,1
DA:117,2
DA:118,2
DA:127,2
DA:139,1
DA:140,1
DA:141,1
DA:142,1
LF:23
LH:23
BRDA:84,0,0,1
BRDA:85,1,0,1
BRDA:86,2,0,1
BRDA:87,3,0,1
BRDA:88,4,0,1
BRDA:89,5,0,1
BRDA:113,6,0,1
BRDA:113,6,1,1
BRF:8
BRH:8
end_of_record
