{"/home/travis/build/googlemaps/v3-utility-library/packages/jest-mocks/src/index.ts": {"path":"/home/travis/build/googlemaps/v3-utility-library/packages/jest-mocks/src/index.ts","statementMap":{"0":{"start":{"line":19,"column":0},"end":{"line":19,"column":9}},"1":{"start":{"line":70,"column":2},"end":{"line":19,"column":17}},"2":{"start":{"line":71,"column":2},"end":{"line":19,"column":48}},"3":{"start":{"line":20,"column":0},"end":{"line":20,"column":9}},"4":{"start":{"line":65,"column":10},"end":{"line":20,"column":29}},"5":{"start":{"line":21,"column":0},"end":{"line":21,"column":9}},"6":{"start":{"line":64,"column":2},"end":{"line":21,"column":34}},"7":{"start":{"line":22,"column":0},"end":{"line":22,"column":9}},"8":{"start":{"line":67,"column":2},"end":{"line":22,"column":38}},"9":{"start":{"line":23,"column":0},"end":{"line":23,"column":9}},"10":{"start":{"line":68,"column":2},"end":{"line":23,"column":40}},"11":{"start":{"line":24,"column":0},"end":{"line":24,"column":32}},"12":{"start":{"line":25,"column":0},"end":{"line":25,"column":9}},"13":{"start":{"line":66,"column":2},"end":{"line":25,"column":30}},"14":{"start":{"line":26,"column":0},"end":{"line":26,"column":9}},"15":{"start":{"line":69,"column":2},"end":{"line":26,"column":38}},"16":{"start":{"line":28,"column":0},"end":{"line":28,"column":null}},"17":{"start":{"line":29,"column":2},"end":{"line":29,"column":null}},"18":{"start":{"line":30,"column":2},"end":{"line":30,"column":null}},"19":{"start":{"line":31,"column":2},"end":{"line":31,"column":null}},"20":{"start":{"line":32,"column":2},"end":{"line":32,"column":null}},"21":{"start":{"line":35,"column":19},"end":{"line":61,"column":1}},"22":{"start":{"line":36,"column":3},"end":{"line":60,"column":4}},"23":{"start":{"line":72,"column":2},"end":{"line":72,"column":12}}},"fnMap":{"0":{"name":"(anonymous_0)","decl":{"start":{"line":28,"column":0},"end":{"line":28,"column":5}},"loc":{"start":{"line":28,"column":14},"end":{"line":33,"column":1}}},"1":{"name":"(anonymous_1)","decl":{"start":{"line":35,"column":19},"end":{"line":35,"column":null}},"loc":{"start":{"line":35,"column":19},"end":{"line":61,"column":1}}}},"branchMap":{"0":{"loc":{"start":{"line":28,"column":5},"end":{"line":28,"column":14}},"type":"binary-expr","locations":[{"start":{"line":28,"column":5},"end":{"line":28,"column":14}},{"start":{"line":28,"column":5},"end":{"line":28,"column":null}}]}},"s":{"0":1,"1":1,"2":1,"3":1,"4":1,"5":1,"6":1,"7":1,"8":1,"9":1,"10":1,"11":1,"12":1,"13":1,"14":1,"15":1,"16":1,"17":1,"18":1,"19":1,"20":1,"21":1,"22":1,"23":1},"f":{"0":1,"1":1},"b":{"0":[1,1]}}
,"/home/travis/build/googlemaps/v3-utility-library/packages/jest-mocks/src/latlng.ts": {"path":"/home/travis/build/googlemaps/v3-utility-library/packages/jest-mocks/src/latlng.ts","statementMap":{"0":{"start":{"line":20,"column":2},"end":{"line":22,"column":71}},"1":{"start":{"line":22,"column":64},"end":{"line":22,"column":69}},"2":{"start":{"line":23,"column":2},"end":{"line":23,"column":54}},"3":{"start":{"line":23,"column":51},"end":{"line":23,"column":52}},"4":{"start":{"line":24,"column":2},"end":{"line":24,"column":54}},"5":{"start":{"line":24,"column":51},"end":{"line":24,"column":52}},"6":{"start":{"line":25,"column":2},"end":{"line":25,"column":60}},"7":{"start":{"line":25,"column":56},"end":{"line":25,"column":58}},"8":{"start":{"line":26,"column":2},"end":{"line":26,"column":80}},"9":{"start":{"line":26,"column":76},"end":{"line":26,"column":78}},"10":{"start":{"line":27,"column":2},"end":{"line":31,"column":4}},"11":{"start":{"line":29,"column":6},"end":{"line":29,"column":32}},"12":{"start":{"line":17,"column":0},"end":{"line":17,"column":13}},"13":{"start":{"line":39,"column":2},"end":{"line":43,"column":6}},"14":{"start":{"line":42,"column":75},"end":{"line":42,"column":80}},"15":{"start":{"line":44,"column":2},"end":{"line":50,"column":6}},"16":{"start":{"line":49,"column":20},"end":{"line":49,"column":25}},"17":{"start":{"line":51,"column":2},"end":{"line":57,"column":6}},"18":{"start":{"line":56,"column":37},"end":{"line":56,"column":41}},"19":{"start":{"line":58,"column":2},"end":{"line":62,"column":6}},"20":{"start":{"line":61,"column":32},"end":{"line":61,"column":74}},"21":{"start":{"line":63,"column":2},"end":{"line":67,"column":6}},"22":{"start":{"line":66,"column":32},"end":{"line":66,"column":74}},"23":{"start":{"line":68,"column":2},"end":{"line":72,"column":6}},"24":{"start":{"line":71,"column":32},"end":{"line":71,"column":74}},"25":{"start":{"line":73,"column":2},"end":{"line":79,"column":6}},"26":{"start":{"line":78,"column":20},"end":{"line":78,"column":25}},"27":{"start":{"line":80,"column":2},"end":{"line":80,"column":63}},"28":{"start":{"line":80,"column":56},"end":{"line":80,"column":61}},"29":{"start":{"line":81,"column":2},"end":{"line":85,"column":4}},"30":{"start":{"line":83,"column":6},"end":{"line":83,"column":54}},"31":{"start":{"line":86,"column":2},"end":{"line":90,"column":6}},"32":{"start":{"line":89,"column":32},"end":{"line":89,"column":74}},"33":{"start":{"line":91,"column":2},"end":{"line":91,"column":60}},"34":{"start":{"line":91,"column":56},"end":{"line":91,"column":58}},"35":{"start":{"line":92,"column":2},"end":{"line":92,"column":80}},"36":{"start":{"line":92,"column":76},"end":{"line":92,"column":78}},"37":{"start":{"line":93,"column":2},"end":{"line":99,"column":6}},"38":{"start":{"line":98,"column":37},"end":{"line":98,"column":41}},"39":{"start":{"line":34,"column":0},"end":{"line":34,"column":13}}},"fnMap":{"0":{"name":"(anonymous_0)","decl":{"start":{"line":18,"column":2},"end":{"line":18,"column":14}},"loc":{"start":{"line":18,"column":66},"end":{"line":18,"column":70}}},"1":{"name":"(anonymous_1)","decl":{"start":{"line":22,"column":24},"end":{"line":22,"column":25}},"loc":{"start":{"line":22,"column":64},"end":{"line":22,"column":69}}},"2":{"name":"(anonymous_2)","decl":{"start":{"line":23,"column":37},"end":{"line":23,"column":48}},"loc":{"start":{"line":23,"column":51},"end":{"line":23,"column":52}}},"3":{"name":"(anonymous_3)","decl":{"start":{"line":24,"column":37},"end":{"line":24,"column":48}},"loc":{"start":{"line":24,"column":51},"end":{"line":24,"column":52}}},"4":{"name":"(anonymous_4)","decl":{"start":{"line":25,"column":42},"end":{"line":25,"column":53}},"loc":{"start":{"line":25,"column":56},"end":{"line":25,"column":58}}},"5":{"name":"(anonymous_5)","decl":{"start":{"line":26,"column":44},"end":{"line":26,"column":45}},"loc":{"start":{"line":26,"column":76},"end":{"line":26,"column":78}}},"6":{"name":"(anonymous_6)","decl":{"start":{"line":28,"column":4},"end":{"line":28,"column":34}},"loc":{"start":{"line":28,"column":36},"end":{"line":30,"column":5}}},"7":{"name":"(anonymous_7)","decl":{"start":{"line":35,"column":2},"end":{"line":35,"column":null}},"loc":{"start":{"line":37,"column":55},"end":{"line":38,"column":6}}},"8":{"name":"(anonymous_8)","decl":{"start":{"line":42,"column":6},"end":{"line":42,"column":7}},"loc":{"start":{"line":42,"column":75},"end":{"line":42,"column":80}}},"9":{"name":"(anonymous_9)","decl":{"start":{"line":47,"column":6},"end":{"line":47,"column":null}},"loc":{"start":{"line":49,"column":20},"end":{"line":49,"column":25}}},"10":{"name":"(anonymous_10)","decl":{"start":{"line":54,"column":6},"end":{"line":54,"column":null}},"loc":{"start":{"line":56,"column":37},"end":{"line":56,"column":41}}},"11":{"name":"(anonymous_11)","decl":{"start":{"line":61,"column":6},"end":{"line":61,"column":29}},"loc":{"start":{"line":61,"column":32},"end":{"line":61,"column":74}}},"12":{"name":"(anonymous_12)","decl":{"start":{"line":66,"column":6},"end":{"line":66,"column":29}},"loc":{"start":{"line":66,"column":32},"end":{"line":66,"column":74}}},"13":{"name":"(anonymous_13)","decl":{"start":{"line":71,"column":6},"end":{"line":71,"column":29}},"loc":{"start":{"line":71,"column":32},"end":{"line":71,"column":74}}},"14":{"name":"(anonymous_14)","decl":{"start":{"line":76,"column":6},"end":{"line":76,"column":null}},"loc":{"start":{"line":78,"column":20},"end":{"line":78,"column":25}}},"15":{"name":"(anonymous_15)","decl":{"start":{"line":80,"column":41},"end":{"line":80,"column":53}},"loc":{"start":{"line":80,"column":56},"end":{"line":80,"column":61}}},"16":{"name":"(anonymous_16)","decl":{"start":{"line":82,"column":4},"end":{"line":82,"column":40}},"loc":{"start":{"line":82,"column":42},"end":{"line":84,"column":5}}},"17":{"name":"(anonymous_17)","decl":{"start":{"line":89,"column":6},"end":{"line":89,"column":29}},"loc":{"start":{"line":89,"column":32},"end":{"line":89,"column":74}}},"18":{"name":"(anonymous_18)","decl":{"start":{"line":91,"column":42},"end":{"line":91,"column":53}},"loc":{"start":{"line":91,"column":56},"end":{"line":91,"column":58}}},"19":{"name":"(anonymous_19)","decl":{"start":{"line":92,"column":44},"end":{"line":92,"column":45}},"loc":{"start":{"line":92,"column":76},"end":{"line":92,"column":78}}},"20":{"name":"(anonymous_20)","decl":{"start":{"line":96,"column":6},"end":{"line":96,"column":null}},"loc":{"start":{"line":98,"column":37},"end":{"line":98,"column":41}}}},"branchMap":{},"s":{"0":0,"1":0,"2":0,"3":0,"4":0,"5":0,"6":0,"7":0,"8":0,"9":0,"10":0,"11":0,"12":1,"13":0,"14":0,"15":0,"16":0,"17":0,"18":0,"19":0,"20":0,"21":0,"22":0,"23":0,"24":0,"25":0,"26":0,"27":0,"28":0,"29":0,"30":0,"31":0,"32":0,"33":0,"34":0,"35":0,"36":0,"37":0,"38":0,"39":1},"f":{"0":0,"1":0,"2":0,"3":0,"4":0,"5":0,"6":0,"7":0,"8":0,"9":0,"10":0,"11":0,"12":0,"13":0,"14":0,"15":0,"16":0,"17":0,"18":0,"19":0,"20":0},"b":{}}
,"/home/travis/build/googlemaps/v3-utility-library/packages/jest-mocks/src/map.ts": {"path":"/home/travis/build/googlemaps/v3-utility-library/packages/jest-mocks/src/map.ts","statementMap":{"0":{"start":{"line":17,"column":0},"end":{"line":17,"column":34}},"1":{"start":{"line":18,"column":0},"end":{"line":18,"column":40}},"2":{"start":{"line":28,"column":4},"end":{"line":28,"column":12}},"3":{"start":{"line":30,"column":2},"end":{"line":37,"column":6}},"4":{"start":{"line":38,"column":2},"end":{"line":42,"column":6}},"5":{"start":{"line":41,"column":57},"end":{"line":41,"column":61}},"6":{"start":{"line":43,"column":2},"end":{"line":47,"column":6}},"7":{"start":{"line":46,"column":32},"end":{"line":46,"column":62}},"8":{"start":{"line":48,"column":2},"end":{"line":52,"column":4}},"9":{"start":{"line":50,"column":6},"end":{"line":50,"column":47}},"10":{"start":{"line":53,"column":2},"end":{"line":53,"column":61}},"11":{"start":{"line":53,"column":58},"end":{"line":53,"column":59}},"12":{"start":{"line":54,"column":2},"end":{"line":58,"column":6}},"13":{"start":{"line":57,"column":35},"end":{"line":57,"column":64}},"14":{"start":{"line":59,"column":2},"end":{"line":61,"column":80}},"15":{"start":{"line":61,"column":61},"end":{"line":61,"column":78}},"16":{"start":{"line":62,"column":2},"end":{"line":67,"column":6}},"17":{"start":{"line":66,"column":9},"end":{"line":66,"column":64}},"18":{"start":{"line":68,"column":2},"end":{"line":68,"column":58}},"19":{"start":{"line":68,"column":55},"end":{"line":68,"column":56}},"20":{"start":{"line":69,"column":2},"end":{"line":69,"column":58}},"21":{"start":{"line":69,"column":55},"end":{"line":69,"column":56}},"22":{"start":{"line":70,"column":2},"end":{"line":70,"column":75}},"23":{"start":{"line":71,"column":2},"end":{"line":75,"column":6}},"24":{"start":{"line":76,"column":2},"end":{"line":85,"column":6}},"25":{"start":{"line":86,"column":2},"end":{"line":90,"column":6}},"26":{"start":{"line":91,"column":2},"end":{"line":91,"column":75}},"27":{"start":{"line":92,"column":2},"end":{"line":96,"column":6}},"28":{"start":{"line":97,"column":2},"end":{"line":99,"column":71}},"29":{"start":{"line":100,"column":2},"end":{"line":102,"column":80}},"30":{"start":{"line":103,"column":2},"end":{"line":103,"column":69}},"31":{"start":{"line":104,"column":2},"end":{"line":104,"column":69}},"32":{"start":{"line":105,"column":2},"end":{"line":107,"column":58}},"33":{"start":{"line":21,"column":0},"end":{"line":21,"column":13}}},"fnMap":{"0":{"name":"(anonymous_0)","decl":{"start":{"line":27,"column":2},"end":{"line":27,"column":14}},"loc":{"start":{"line":27,"column":67},"end":{"line":29,"column":3}}},"1":{"name":"(anonymous_1)","decl":{"start":{"line":33,"column":6},"end":{"line":33,"column":null}},"loc":{"start":{"line":36,"column":16},"end":{"line":36,"column":19}}},"2":{"name":"(anonymous_2)","decl":{"start":{"line":41,"column":6},"end":{"line":41,"column":54}},"loc":{"start":{"line":41,"column":57},"end":{"line":41,"column":61}}},"3":{"name":"(anonymous_3)","decl":{"start":{"line":46,"column":6},"end":{"line":46,"column":29}},"loc":{"start":{"line":46,"column":32},"end":{"line":46,"column":62}}},"4":{"name":"(anonymous_4)","decl":{"start":{"line":49,"column":4},"end":{"line":49,"column":16}},"loc":{"start":{"line":49,"column":18},"end":{"line":51,"column":5}}},"5":{"name":"(anonymous_5)","decl":{"start":{"line":53,"column":44},"end":{"line":53,"column":55}},"loc":{"start":{"line":53,"column":58},"end":{"line":53,"column":59}}},"6":{"name":"(anonymous_6)","decl":{"start":{"line":57,"column":6},"end":{"line":57,"column":32}},"loc":{"start":{"line":57,"column":35},"end":{"line":57,"column":64}}},"7":{"name":"(anonymous_7)","decl":{"start":{"line":61,"column":24},"end":{"line":61,"column":58}},"loc":{"start":{"line":61,"column":61},"end":{"line":61,"column":78}}},"8":{"name":"(anonymous_8)","decl":{"start":{"line":65,"column":6},"end":{"line":65,"column":41}},"loc":{"start":{"line":66,"column":9},"end":{"line":66,"column":64}}},"9":{"name":"(anonymous_9)","decl":{"start":{"line":68,"column":41},"end":{"line":68,"column":52}},"loc":{"start":{"line":68,"column":55},"end":{"line":68,"column":56}}},"10":{"name":"(anonymous_10)","decl":{"start":{"line":69,"column":41},"end":{"line":69,"column":52}},"loc":{"start":{"line":69,"column":55},"end":{"line":69,"column":56}}},"11":{"name":"(anonymous_11)","decl":{"start":{"line":70,"column":39},"end":{"line":70,"column":40}},"loc":{"start":{"line":70,"column":70},"end":{"line":70,"column":73}}},"12":{"name":"(anonymous_12)","decl":{"start":{"line":74,"column":6},"end":{"line":74,"column":7}},"loc":{"start":{"line":74,"column":71},"end":{"line":74,"column":74}}},"13":{"name":"(anonymous_13)","decl":{"start":{"line":79,"column":6},"end":{"line":79,"column":null}},"loc":{"start":{"line":84,"column":16},"end":{"line":84,"column":19}}},"14":{"name":"(anonymous_14)","decl":{"start":{"line":89,"column":6},"end":{"line":89,"column":7}},"loc":{"start":{"line":89,"column":71},"end":{"line":89,"column":74}}},"15":{"name":"(anonymous_15)","decl":{"start":{"line":91,"column":44},"end":{"line":91,"column":45}},"loc":{"start":{"line":91,"column":70},"end":{"line":91,"column":73}}},"16":{"name":"(anonymous_16)","decl":{"start":{"line":95,"column":6},"end":{"line":95,"column":7}},"loc":{"start":{"line":95,"column":58},"end":{"line":95,"column":61}}},"17":{"name":"(anonymous_17)","decl":{"start":{"line":99,"column":24},"end":{"line":99,"column":25}},"loc":{"start":{"line":99,"column":66},"end":{"line":99,"column":69}}},"18":{"name":"(anonymous_18)","decl":{"start":{"line":102,"column":24},"end":{"line":102,"column":25}},"loc":{"start":{"line":102,"column":75},"end":{"line":102,"column":78}}},"19":{"name":"(anonymous_19)","decl":{"start":{"line":103,"column":41},"end":{"line":103,"column":42}},"loc":{"start":{"line":103,"column":64},"end":{"line":103,"column":67}}},"20":{"name":"(anonymous_20)","decl":{"start":{"line":104,"column":41},"end":{"line":104,"column":42}},"loc":{"start":{"line":104,"column":64},"end":{"line":104,"column":67}}},"21":{"name":"(anonymous_21)","decl":{"start":{"line":107,"column":24},"end":{"line":107,"column":25}},"loc":{"start":{"line":107,"column":53},"end":{"line":107,"column":56}}}},"branchMap":{},"s":{"0":1,"1":1,"2":1,"3":1,"4":1,"5":0,"6":1,"7":0,"8":1,"9":0,"10":1,"11":0,"12":1,"13":0,"14":1,"15":0,"16":1,"17":0,"18":1,"19":0,"20":1,"21":0,"22":1,"23":1,"24":1,"25":1,"26":1,"27":1,"28":1,"29":1,"30":1,"31":1,"32":1,"33":1},"f":{"0":1,"1":0,"2":0,"3":0,"4":0,"5":0,"6":0,"7":0,"8":0,"9":0,"10":0,"11":0,"12":0,"13":0,"14":0,"15":0,"16":0,"17":0,"18":0,"19":0,"20":0,"21":0},"b":{}}
,"/home/travis/build/googlemaps/v3-utility-library/packages/jest-mocks/src/marker.ts": {"path":"/home/travis/build/googlemaps/v3-utility-library/packages/jest-mocks/src/marker.ts","statementMap":{"0":{"start":{"line":17,"column":0},"end":{"line":17,"column":40}},"1":{"start":{"line":18,"column":0},"end":{"line":18,"column":33}},"2":{"start":{"line":23,"column":4},"end":{"line":23,"column":12}},"3":{"start":{"line":25,"column":2},"end":{"line":27,"column":66}},"4":{"start":{"line":27,"column":60},"end":{"line":27,"column":64}},"5":{"start":{"line":28,"column":2},"end":{"line":28,"column":67}},"6":{"start":{"line":28,"column":61},"end":{"line":28,"column":65}},"7":{"start":{"line":29,"column":2},"end":{"line":31,"column":63}},"8":{"start":{"line":31,"column":57},"end":{"line":31,"column":61}},"9":{"start":{"line":32,"column":2},"end":{"line":34,"column":64}},"10":{"start":{"line":34,"column":58},"end":{"line":34,"column":62}},"11":{"start":{"line":35,"column":2},"end":{"line":44,"column":6}},"12":{"start":{"line":43,"column":23},"end":{"line":43,"column":27}},"13":{"start":{"line":45,"column":2},"end":{"line":49,"column":6}},"14":{"start":{"line":48,"column":64},"end":{"line":48,"column":68}},"15":{"start":{"line":50,"column":2},"end":{"line":55,"column":6}},"16":{"start":{"line":54,"column":8},"end":{"line":54,"column":12}},"17":{"start":{"line":56,"column":2},"end":{"line":58,"column":63}},"18":{"start":{"line":58,"column":57},"end":{"line":58,"column":61}},"19":{"start":{"line":59,"column":2},"end":{"line":64,"column":6}},"20":{"start":{"line":63,"column":8},"end":{"line":63,"column":38}},"21":{"start":{"line":65,"column":2},"end":{"line":67,"column":80}},"22":{"start":{"line":67,"column":74},"end":{"line":67,"column":78}},"23":{"start":{"line":68,"column":2},"end":{"line":70,"column":63}},"24":{"start":{"line":70,"column":57},"end":{"line":70,"column":61}},"25":{"start":{"line":71,"column":2},"end":{"line":71,"column":65}},"26":{"start":{"line":71,"column":59},"end":{"line":71,"column":63}},"27":{"start":{"line":72,"column":2},"end":{"line":74,"column":63}},"28":{"start":{"line":74,"column":57},"end":{"line":74,"column":61}},"29":{"start":{"line":75,"column":2},"end":{"line":77,"column":67}},"30":{"start":{"line":78,"column":2},"end":{"line":78,"column":75}},"31":{"start":{"line":79,"column":2},"end":{"line":79,"column":80}},"32":{"start":{"line":80,"column":2},"end":{"line":82,"column":60}},"33":{"start":{"line":83,"column":2},"end":{"line":93,"column":6}},"34":{"start":{"line":94,"column":2},"end":{"line":98,"column":6}},"35":{"start":{"line":99,"column":2},"end":{"line":103,"column":6}},"36":{"start":{"line":104,"column":2},"end":{"line":106,"column":62}},"37":{"start":{"line":107,"column":2},"end":{"line":111,"column":6}},"38":{"start":{"line":112,"column":2},"end":{"line":118,"column":6}},"39":{"start":{"line":119,"column":2},"end":{"line":121,"column":77}},"40":{"start":{"line":122,"column":2},"end":{"line":122,"column":78}},"41":{"start":{"line":123,"column":2},"end":{"line":123,"column":76}},"42":{"start":{"line":124,"column":2},"end":{"line":124,"column":80}},"43":{"start":{"line":125,"column":2},"end":{"line":135,"column":6}},"44":{"start":{"line":134,"column":9},"end":{"line":134,"column":63}},"45":{"start":{"line":20,"column":0},"end":{"line":20,"column":13}}},"fnMap":{"0":{"name":"(anonymous_0)","decl":{"start":{"line":22,"column":2},"end":{"line":22,"column":14}},"loc":{"start":{"line":22,"column":54},"end":{"line":24,"column":3}}},"1":{"name":"(anonymous_1)","decl":{"start":{"line":27,"column":24},"end":{"line":27,"column":57}},"loc":{"start":{"line":27,"column":60},"end":{"line":27,"column":64}}},"2":{"name":"(anonymous_2)","decl":{"start":{"line":28,"column":46},"end":{"line":28,"column":58}},"loc":{"start":{"line":28,"column":61},"end":{"line":28,"column":65}}},"3":{"name":"(anonymous_3)","decl":{"start":{"line":31,"column":24},"end":{"line":31,"column":54}},"loc":{"start":{"line":31,"column":57},"end":{"line":31,"column":61}}},"4":{"name":"(anonymous_4)","decl":{"start":{"line":34,"column":24},"end":{"line":34,"column":55}},"loc":{"start":{"line":34,"column":58},"end":{"line":34,"column":62}}},"5":{"name":"(anonymous_5)","decl":{"start":{"line":38,"column":6},"end":{"line":38,"column":null}},"loc":{"start":{"line":43,"column":23},"end":{"line":43,"column":27}}},"6":{"name":"(anonymous_6)","decl":{"start":{"line":48,"column":6},"end":{"line":48,"column":61}},"loc":{"start":{"line":48,"column":64},"end":{"line":48,"column":68}}},"7":{"name":"(anonymous_7)","decl":{"start":{"line":53,"column":6},"end":{"line":53,"column":78}},"loc":{"start":{"line":54,"column":8},"end":{"line":54,"column":12}}},"8":{"name":"(anonymous_8)","decl":{"start":{"line":58,"column":24},"end":{"line":58,"column":54}},"loc":{"start":{"line":58,"column":57},"end":{"line":58,"column":61}}},"9":{"name":"(anonymous_9)","decl":{"start":{"line":62,"column":6},"end":{"line":62,"column":48}},"loc":{"start":{"line":63,"column":8},"end":{"line":63,"column":38}}},"10":{"name":"(anonymous_10)","decl":{"start":{"line":67,"column":24},"end":{"line":67,"column":71}},"loc":{"start":{"line":67,"column":74},"end":{"line":67,"column":78}}},"11":{"name":"(anonymous_11)","decl":{"start":{"line":70,"column":24},"end":{"line":70,"column":54}},"loc":{"start":{"line":70,"column":57},"end":{"line":70,"column":61}}},"12":{"name":"(anonymous_12)","decl":{"start":{"line":71,"column":44},"end":{"line":71,"column":56}},"loc":{"start":{"line":71,"column":59},"end":{"line":71,"column":63}}},"13":{"name":"(anonymous_13)","decl":{"start":{"line":74,"column":24},"end":{"line":74,"column":54}},"loc":{"start":{"line":74,"column":57},"end":{"line":74,"column":61}}},"14":{"name":"(anonymous_14)","decl":{"start":{"line":77,"column":24},"end":{"line":77,"column":25}},"loc":{"start":{"line":77,"column":62},"end":{"line":77,"column":65}}},"15":{"name":"(anonymous_15)","decl":{"start":{"line":78,"column":46},"end":{"line":78,"column":47}},"loc":{"start":{"line":78,"column":70},"end":{"line":78,"column":73}}},"16":{"name":"(anonymous_16)","decl":{"start":{"line":79,"column":43},"end":{"line":79,"column":44}},"loc":{"start":{"line":79,"column":75},"end":{"line":79,"column":78}}},"17":{"name":"(anonymous_17)","decl":{"start":{"line":82,"column":24},"end":{"line":82,"column":25}},"loc":{"start":{"line":82,"column":55},"end":{"line":82,"column":58}}},"18":{"name":"(anonymous_18)","decl":{"start":{"line":86,"column":6},"end":{"line":86,"column":null}},"loc":{"start":{"line":92,"column":16},"end":{"line":92,"column":19}}},"19":{"name":"(anonymous_19)","decl":{"start":{"line":97,"column":6},"end":{"line":97,"column":7}},"loc":{"start":{"line":97,"column":71},"end":{"line":97,"column":74}}},"20":{"name":"(anonymous_20)","decl":{"start":{"line":102,"column":6},"end":{"line":102,"column":7}},"loc":{"start":{"line":102,"column":77},"end":{"line":102,"column":80}}},"21":{"name":"(anonymous_21)","decl":{"start":{"line":106,"column":24},"end":{"line":106,"column":25}},"loc":{"start":{"line":106,"column":57},"end":{"line":106,"column":60}}},"22":{"name":"(anonymous_22)","decl":{"start":{"line":110,"column":6},"end":{"line":110,"column":7}},"loc":{"start":{"line":110,"column":59},"end":{"line":110,"column":62}}},"23":{"name":"(anonymous_23)","decl":{"start":{"line":115,"column":6},"end":{"line":115,"column":null}},"loc":{"start":{"line":117,"column":16},"end":{"line":117,"column":19}}},"24":{"name":"(anonymous_24)","decl":{"start":{"line":121,"column":24},"end":{"line":121,"column":25}},"loc":{"start":{"line":121,"column":72},"end":{"line":121,"column":75}}},"25":{"name":"(anonymous_25)","decl":{"start":{"line":122,"column":42},"end":{"line":122,"column":43}},"loc":{"start":{"line":122,"column":73},"end":{"line":122,"column":76}}},"26":{"name":"(anonymous_26)","decl":{"start":{"line":123,"column":44},"end":{"line":123,"column":45}},"loc":{"start":{"line":123,"column":71},"end":{"line":123,"column":74}}},"27":{"name":"(anonymous_27)","decl":{"start":{"line":124,"column":43},"end":{"line":124,"column":44}},"loc":{"start":{"line":124,"column":75},"end":{"line":124,"column":78}}},"28":{"name":"(anonymous_28)","decl":{"start":{"line":128,"column":6},"end":{"line":128,"column":null}},"loc":{"start":{"line":134,"column":9},"end":{"line":134,"column":63}}}},"branchMap":{},"s":{"0":1,"1":1,"2":0,"3":0,"4":0,"5":0,"6":0,"7":0,"8":0,"9":0,"10":0,"11":0,"12":0,"13":0,"14":0,"15":0,"16":0,"17":0,"18":0,"19":0,"20":0,"21":0,"22":0,"23":0,"24":0,"25":0,"26":0,"27":0,"28":0,"29":0,"30":0,"31":0,"32":0,"33":0,"34":0,"35":0,"36":0,"37":0,"38":0,"39":0,"40":0,"41":0,"42":0,"43":0,"44":0,"45":1},"f":{"0":0,"1":0,"2":0,"3":0,"4":0,"5":0,"6":0,"7":0,"8":0,"9":0,"10":0,"11":0,"12":0,"13":0,"14":0,"15":0,"16":0,"17":0,"18":0,"19":0,"20":0,"21":0,"22":0,"23":0,"24":0,"25":0,"26":0,"27":0,"28":0},"b":{}}
,"/home/travis/build/googlemaps/v3-utility-library/packages/jest-mocks/src/mvcarray.ts": {"path":"/home/travis/build/googlemaps/v3-utility-library/packages/jest-mocks/src/mvcarray.ts","statementMap":{"0":{"start":{"line":17,"column":0},"end":{"line":17,"column":40}},"1":{"start":{"line":21,"column":4},"end":{"line":21,"column":12}},"2":{"start":{"line":24,"column":2},"end":{"line":24,"column":55}},"3":{"start":{"line":25,"column":2},"end":{"line":27,"column":78}},"4":{"start":{"line":29,"column":2},"end":{"line":29,"column":57}},"5":{"start":{"line":29,"column":53},"end":{"line":29,"column":55}},"6":{"start":{"line":30,"column":2},"end":{"line":30,"column":68}},"7":{"start":{"line":30,"column":58},"end":{"line":30,"column":66}},"8":{"start":{"line":31,"column":2},"end":{"line":31,"column":60}},"9":{"start":{"line":31,"column":57},"end":{"line":31,"column":58}},"10":{"start":{"line":32,"column":2},"end":{"line":32,"column":76}},"11":{"start":{"line":33,"column":2},"end":{"line":33,"column":57}},"12":{"start":{"line":33,"column":47},"end":{"line":33,"column":55}},"13":{"start":{"line":34,"column":2},"end":{"line":34,"column":62}},"14":{"start":{"line":34,"column":59},"end":{"line":34,"column":60}},"15":{"start":{"line":35,"column":2},"end":{"line":35,"column":71}},"16":{"start":{"line":35,"column":61},"end":{"line":35,"column":69}},"17":{"start":{"line":36,"column":2},"end":{"line":36,"column":73}},"18":{"start":{"line":19,"column":0},"end":{"line":19,"column":13}}},"fnMap":{"0":{"name":"(anonymous_0)","decl":{"start":{"line":20,"column":2},"end":{"line":20,"column":14}},"loc":{"start":{"line":20,"column":25},"end":{"line":22,"column":3}}},"1":{"name":"(anonymous_1)","decl":{"start":{"line":24,"column":39},"end":{"line":24,"column":48}},"loc":{"start":{"line":24,"column":50},"end":{"line":24,"column":53}}},"2":{"name":"(anonymous_2)","decl":{"start":{"line":27,"column":24},"end":{"line":27,"column":25}},"loc":{"start":{"line":27,"column":73},"end":{"line":27,"column":76}}},"3":{"name":"(anonymous_3)","decl":{"start":{"line":29,"column":42},"end":{"line":29,"column":50}},"loc":{"start":{"line":29,"column":53},"end":{"line":29,"column":55}}},"4":{"name":"(anonymous_4)","decl":{"start":{"line":30,"column":39},"end":{"line":30,"column":40}},"loc":{"start":{"line":30,"column":58},"end":{"line":30,"column":66}}},"5":{"name":"(anonymous_5)","decl":{"start":{"line":31,"column":43},"end":{"line":31,"column":54}},"loc":{"start":{"line":31,"column":57},"end":{"line":31,"column":58}}},"6":{"name":"(anonymous_6)","decl":{"start":{"line":32,"column":42},"end":{"line":32,"column":43}},"loc":{"start":{"line":32,"column":71},"end":{"line":32,"column":74}}},"7":{"name":"(anonymous_7)","decl":{"start":{"line":33,"column":37},"end":{"line":33,"column":43}},"loc":{"start":{"line":33,"column":47},"end":{"line":33,"column":55}}},"8":{"name":"(anonymous_8)","decl":{"start":{"line":34,"column":38},"end":{"line":34,"column":39}},"loc":{"start":{"line":34,"column":59},"end":{"line":34,"column":60}}},"9":{"name":"(anonymous_9)","decl":{"start":{"line":35,"column":42},"end":{"line":35,"column":43}},"loc":{"start":{"line":35,"column":61},"end":{"line":35,"column":69}}},"10":{"name":"(anonymous_10)","decl":{"start":{"line":36,"column":39},"end":{"line":36,"column":40}},"loc":{"start":{"line":36,"column":68},"end":{"line":36,"column":71}}}},"branchMap":{},"s":{"0":1,"1":0,"2":0,"3":0,"4":0,"5":0,"6":0,"7":0,"8":0,"9":0,"10":0,"11":0,"12":0,"13":0,"14":0,"15":0,"16":0,"17":0,"18":1},"f":{"0":0,"1":0,"2":0,"3":0,"4":0,"5":0,"6":0,"7":0,"8":0,"9":0,"10":0},"b":{}}
,"/home/travis/build/googlemaps/v3-utility-library/packages/jest-mocks/src/mvcobject.ts": {"path":"/home/travis/build/googlemaps/v3-utility-library/packages/jest-mocks/src/mvcobject.ts","statementMap":{"0":{"start":{"line":20,"column":2},"end":{"line":24,"column":6}},"1":{"start":{"line":25,"column":2},"end":{"line":34,"column":6}},"2":{"start":{"line":35,"column":2},"end":{"line":35,"column":68}},"3":{"start":{"line":36,"column":2},"end":{"line":36,"column":63}},"4":{"start":{"line":37,"column":2},"end":{"line":37,"column":67}},"5":{"start":{"line":38,"column":2},"end":{"line":38,"column":76}},"6":{"start":{"line":39,"column":2},"end":{"line":39,"column":70}},"7":{"start":{"line":40,"column":2},"end":{"line":40,"column":67}},"8":{"start":{"line":41,"column":2},"end":{"line":41,"column":53}},"9":{"start":{"line":19,"column":0},"end":{"line":19,"column":13}}},"fnMap":{"0":{"name":"(anonymous_0)","decl":{"start":{"line":19,"column":0},"end":{"line":19,"column":13}},"loc":{"start":{"line":19,"column":0},"end":{"line":42,"column":1}}},"1":{"name":"(anonymous_1)","decl":{"start":{"line":23,"column":6},"end":{"line":23,"column":7}},"loc":{"start":{"line":23,"column":69},"end":{"line":23,"column":72}}},"2":{"name":"(anonymous_2)","decl":{"start":{"line":28,"column":6},"end":{"line":28,"column":null}},"loc":{"start":{"line":33,"column":16},"end":{"line":33,"column":19}}},"3":{"name":"(anonymous_3)","decl":{"start":{"line":35,"column":41},"end":{"line":35,"column":42}},"loc":{"start":{"line":35,"column":63},"end":{"line":35,"column":66}}},"4":{"name":"(anonymous_4)","decl":{"start":{"line":36,"column":37},"end":{"line":36,"column":38}},"loc":{"start":{"line":36,"column":58},"end":{"line":36,"column":61}}},"5":{"name":"(anonymous_5)","decl":{"start":{"line":37,"column":40},"end":{"line":37,"column":41}},"loc":{"start":{"line":37,"column":62},"end":{"line":37,"column":65}}},"6":{"name":"(anonymous_6)","decl":{"start":{"line":38,"column":37},"end":{"line":38,"column":38}},"loc":{"start":{"line":38,"column":71},"end":{"line":38,"column":74}}},"7":{"name":"(anonymous_7)","decl":{"start":{"line":39,"column":43},"end":{"line":39,"column":44}},"loc":{"start":{"line":39,"column":65},"end":{"line":39,"column":68}}},"8":{"name":"(anonymous_8)","decl":{"start":{"line":40,"column":40},"end":{"line":40,"column":41}},"loc":{"start":{"line":40,"column":62},"end":{"line":40,"column":65}}},"9":{"name":"(anonymous_9)","decl":{"start":{"line":41,"column":43},"end":{"line":41,"column":46}},"loc":{"start":{"line":41,"column":48},"end":{"line":41,"column":51}}}},"branchMap":{},"s":{"0":1,"1":1,"2":1,"3":1,"4":1,"5":1,"6":1,"7":1,"8":1,"9":1},"f":{"0":1,"1":0,"2":0,"3":0,"4":0,"5":0,"6":0,"7":0,"8":0,"9":0},"b":{}}
,"/home/travis/build/googlemaps/v3-utility-library/packages/jest-mocks/src/point.ts": {"path":"/home/travis/build/googlemaps/v3-utility-library/packages/jest-mocks/src/point.ts","statementMap":{"0":{"start":{"line":27,"column":2},"end":{"line":29,"column":5}},"1":{"start":{"line":28,"column":4},"end":{"line":28,"column":14}},"2":{"start":{"line":21,"column":4},"end":{"line":21,"column":15}},"3":{"start":{"line":22,"column":4},"end":{"line":22,"column":15}},"4":{"start":{"line":25,"column":4},"end":{"line":25,"column":52}},"5":{"start":{"line":17,"column":0},"end":{"line":17,"column":13}}},"fnMap":{"0":{"name":"(anonymous_0)","decl":{"start":{"line":20,"column":2},"end":{"line":20,"column":14}},"loc":{"start":{"line":20,"column":34},"end":{"line":23,"column":3}}},"1":{"name":"(anonymous_1)","decl":{"start":{"line":27,"column":42},"end":{"line":27,"column":53}},"loc":{"start":{"line":27,"column":55},"end":{"line":29,"column":3}}},"2":{"name":"(anonymous_2)","decl":{"start":{"line":24,"column":2},"end":{"line":24,"column":8}},"loc":{"start":{"line":24,"column":21},"end":{"line":26,"column":3}}}},"branchMap":{"0":{"loc":{"start":{"line":25,"column":11},"end":{"line":25,"column":29}},"type":"binary-expr","locations":[{"start":{"line":25,"column":11},"end":{"line":25,"column":29}},{"start":{"line":25,"column":33},"end":{"line":25,"column":51}}]}},"s":{"0":0,"1":0,"2":0,"3":0,"4":0,"5":1},"f":{"0":0,"1":0,"2":0},"b":{"0":[0,0]}}
,"/home/travis/build/googlemaps/v3-utility-library/packages/jest-mocks/src/polyline.ts": {"path":"/home/travis/build/googlemaps/v3-utility-library/packages/jest-mocks/src/polyline.ts","statementMap":{"0":{"start":{"line":17,"column":0},"end":{"line":17,"column":40}},"1":{"start":{"line":21,"column":4},"end":{"line":21,"column":12}},"2":{"start":{"line":24,"column":2},"end":{"line":24,"column":68}},"3":{"start":{"line":24,"column":61},"end":{"line":24,"column":66}},"4":{"start":{"line":25,"column":2},"end":{"line":25,"column":67}},"5":{"start":{"line":25,"column":60},"end":{"line":25,"column":65}},"6":{"start":{"line":26,"column":2},"end":{"line":28,"column":72}},"7":{"start":{"line":28,"column":48},"end":{"line":28,"column":70}},"8":{"start":{"line":29,"column":2},"end":{"line":34,"column":6}},"9":{"start":{"line":33,"column":9},"end":{"line":33,"column":56}},"10":{"start":{"line":35,"column":2},"end":{"line":35,"column":66}},"11":{"start":{"line":35,"column":59},"end":{"line":35,"column":64}},"12":{"start":{"line":36,"column":2},"end":{"line":36,"column":80}},"13":{"start":{"line":37,"column":2},"end":{"line":37,"column":78}},"14":{"start":{"line":38,"column":2},"end":{"line":38,"column":76}},"15":{"start":{"line":39,"column":2},"end":{"line":41,"column":76}},"16":{"start":{"line":42,"column":2},"end":{"line":51,"column":6}},"17":{"start":{"line":52,"column":2},"end":{"line":52,"column":76}},"18":{"start":{"line":19,"column":0},"end":{"line":19,"column":13}}},"fnMap":{"0":{"name":"(anonymous_0)","decl":{"start":{"line":20,"column":2},"end":{"line":20,"column":14}},"loc":{"start":{"line":20,"column":23},"end":{"line":22,"column":3}}},"1":{"name":"(anonymous_1)","decl":{"start":{"line":24,"column":46},"end":{"line":24,"column":58}},"loc":{"start":{"line":24,"column":61},"end":{"line":24,"column":66}}},"2":{"name":"(anonymous_2)","decl":{"start":{"line":25,"column":45},"end":{"line":25,"column":57}},"loc":{"start":{"line":25,"column":60},"end":{"line":25,"column":65}}},"3":{"name":"(anonymous_3)","decl":{"start":{"line":28,"column":24},"end":{"line":28,"column":44}},"loc":{"start":{"line":28,"column":48},"end":{"line":28,"column":70}}},"4":{"name":"(anonymous_4)","decl":{"start":{"line":32,"column":6},"end":{"line":32,"column":51}},"loc":{"start":{"line":33,"column":9},"end":{"line":33,"column":56}}},"5":{"name":"(anonymous_5)","decl":{"start":{"line":35,"column":44},"end":{"line":35,"column":56}},"loc":{"start":{"line":35,"column":59},"end":{"line":35,"column":64}}},"6":{"name":"(anonymous_6)","decl":{"start":{"line":36,"column":46},"end":{"line":36,"column":47}},"loc":{"start":{"line":36,"column":75},"end":{"line":36,"column":78}}},"7":{"name":"(anonymous_7)","decl":{"start":{"line":37,"column":45},"end":{"line":37,"column":46}},"loc":{"start":{"line":37,"column":73},"end":{"line":37,"column":76}}},"8":{"name":"(anonymous_8)","decl":{"start":{"line":38,"column":40},"end":{"line":38,"column":41}},"loc":{"start":{"line":38,"column":71},"end":{"line":38,"column":74}}},"9":{"name":"(anonymous_9)","decl":{"start":{"line":41,"column":24},"end":{"line":41,"column":25}},"loc":{"start":{"line":41,"column":71},"end":{"line":41,"column":74}}},"10":{"name":"(anonymous_10)","decl":{"start":{"line":45,"column":6},"end":{"line":45,"column":null}},"loc":{"start":{"line":50,"column":16},"end":{"line":50,"column":19}}},"11":{"name":"(anonymous_11)","decl":{"start":{"line":52,"column":44},"end":{"line":52,"column":45}},"loc":{"start":{"line":52,"column":71},"end":{"line":52,"column":74}}}},"branchMap":{},"s":{"0":1,"1":0,"2":0,"3":0,"4":0,"5":0,"6":0,"7":0,"8":0,"9":0,"10":0,"11":0,"12":0,"13":0,"14":0,"15":0,"16":0,"17":0,"18":1},"f":{"0":0,"1":0,"2":0,"3":0,"4":0,"5":0,"6":0,"7":0,"8":0,"9":0,"10":0,"11":0},"b":{}}
,"/home/travis/build/googlemaps/v3-utility-library/packages/jest-mocks/src/size.ts": {"path":"/home/travis/build/googlemaps/v3-utility-library/packages/jest-mocks/src/size.ts","statementMap":{"0":{"start":{"line":32,"column":2},"end":{"line":34,"column":5}},"1":{"start":{"line":33,"column":4},"end":{"line":33,"column":14}},"2":{"start":{"line":26,"column":4},"end":{"line":26,"column":23}},"3":{"start":{"line":27,"column":4},"end":{"line":27,"column":25}},"4":{"start":{"line":30,"column":4},"end":{"line":30,"column":70}},"5":{"start":{"line":17,"column":0},"end":{"line":17,"column":13}}},"fnMap":{"0":{"name":"(anonymous_0)","decl":{"start":{"line":20,"column":2},"end":{"line":20,"column":null}},"loc":{"start":{"line":24,"column":23},"end":{"line":28,"column":3}}},"1":{"name":"(anonymous_1)","decl":{"start":{"line":32,"column":42},"end":{"line":32,"column":53}},"loc":{"start":{"line":32,"column":55},"end":{"line":34,"column":3}}},"2":{"name":"(anonymous_2)","decl":{"start":{"line":29,"column":2},"end":{"line":29,"column":8}},"loc":{"start":{"line":29,"column":20},"end":{"line":31,"column":3}}}},"branchMap":{"0":{"loc":{"start":{"line":30,"column":11},"end":{"line":30,"column":39}},"type":"binary-expr","locations":[{"start":{"line":30,"column":11},"end":{"line":30,"column":39}},{"start":{"line":30,"column":43},"end":{"line":30,"column":69}}]}},"s":{"0":0,"1":0,"2":0,"3":0,"4":0,"5":1},"f":{"0":0,"1":0,"2":0},"b":{"0":[0,0]}}
}
