TN:
SF:/home/travis/build/googlemaps/v3-utility-library/packages/jest-mocks/src/index.ts
FN:26,(anonymous_0)
FNF:1
FNH:1
FNDA:1,(anonymous_0)
DA:19,1
DA:20,1
DA:21,1
DA:22,1
DA:23,1
DA:24,1
DA:26,1
DA:27,1
DA:52,1
DA:53,1
DA:54,1
DA:55,1
DA:56,1
DA:57,1
DA:58,1
LF:15
LH:15
BRF:0
BRH:0
end_of_record
TN:
SF:/home/travis/build/googlemaps/v3-utility-library/packages/jest-mocks/src/latlng.ts
FN:18,(anonymous_0)
FN:22,(anonymous_1)
FN:23,(anonymous_2)
FN:24,(anonymous_3)
FN:25,(anonymous_4)
FN:26,(anonymous_5)
FN:28,(anonymous_6)
FN:35,(anonymous_7)
FN:42,(anonymous_8)
FN:47,(anonymous_9)
FN:54,(anonymous_10)
FN:61,(anonymous_11)
FN:66,(anonymous_12)
FN:71,(anonymous_13)
FN:76,(anonymous_14)
FN:80,(anonymous_15)
FN:82,(anonymous_16)
FN:89,(anonymous_17)
FN:91,(anonymous_18)
FN:92,(anonymous_19)
FN:96,(anonymous_20)
FNF:21
FNH:0
FNDA:0,(anonymous_0)
FNDA:0,(anonymous_1)
FNDA:0,(anonymous_2)
FNDA:0,(anonymous_3)
FNDA:0,(anonymous_4)
FNDA:0,(anonymous_5)
FNDA:0,(anonymous_6)
FNDA:0,(anonymous_7)
FNDA:0,(anonymous_8)
FNDA:0,(anonymous_9)
FNDA:0,(anonymous_10)
FNDA:0,(anonymous_11)
FNDA:0,(anonymous_12)
FNDA:0,(anonymous_13)
FNDA:0,(anonymous_14)
FNDA:0,(anonymous_15)
FNDA:0,(anonymous_16)
FNDA:0,(anonymous_17)
FNDA:0,(anonymous_18)
FNDA:0,(anonymous_19)
FNDA:0,(anonymous_20)
DA:17,1
DA:20,0
DA:22,0
DA:23,0
DA:24,0
DA:25,0
DA:26,0
DA:27,0
DA:29,0
DA:34,1
DA:39,0
DA:42,0
DA:44,0
DA:49,0
DA:51,0
DA:56,0
DA:58,0
DA:61,0
DA:63,0
DA:66,0
DA:68,0
DA:71,0
DA:73,0
DA:78,0
DA:80,0
DA:81,0
DA:83,0
DA:86,0
DA:89,0
DA:91,0
DA:92,0
DA:93,0
DA:98,0
LF:33
LH:2
BRF:0
BRH:0
end_of_record
TN:
SF:/home/travis/build/googlemaps/v3-utility-library/packages/jest-mocks/src/map.ts
FN:27,(anonymous_0)
FN:33,(anonymous_1)
FN:41,(anonymous_2)
FN:46,(anonymous_3)
FN:49,(anonymous_4)
FN:53,(anonymous_5)
FN:57,(anonymous_6)
FN:61,(anonymous_7)
FN:65,(anonymous_8)
FN:68,(anonymous_9)
FN:69,(anonymous_10)
FN:70,(anonymous_11)
FN:74,(anonymous_12)
FN:79,(anonymous_13)
FN:89,(anonymous_14)
FN:91,(anonymous_15)
FN:95,(anonymous_16)
FN:99,(anonymous_17)
FN:102,(anonymous_18)
FN:103,(anonymous_19)
FN:104,(anonymous_20)
FN:107,(anonymous_21)
FNF:22
FNH:1
FNDA:1,(anonymous_0)
FNDA:0,(anonymous_1)
FNDA:0,(anonymous_2)
FNDA:0,(anonymous_3)
FNDA:0,(anonymous_4)
FNDA:0,(anonymous_5)
FNDA:0,(anonymous_6)
FNDA:0,(anonymous_7)
FNDA:0,(anonymous_8)
FNDA:0,(anonymous_9)
FNDA:0,(anonymous_10)
FNDA:0,(anonymous_11)
FNDA:0,(anonymous_12)
FNDA:0,(anonymous_13)
FNDA:0,(anonymous_14)
FNDA:0,(anonymous_15)
FNDA:0,(anonymous_16)
FNDA:0,(anonymous_17)
FNDA:0,(anonymous_18)
FNDA:0,(anonymous_19)
FNDA:0,(anonymous_20)
FNDA:0,(anonymous_21)
DA:17,1
DA:18,1
DA:21,1
DA:28,1
DA:30,1
DA:38,1
DA:41,0
DA:43,1
DA:46,0
DA:48,1
DA:50,0
DA:53,1
DA:54,1
DA:57,0
DA:59,1
DA:61,0
DA:62,1
DA:66,0
DA:68,1
DA:69,1
DA:70,1
DA:71,1
DA:76,1
DA:86,1
DA:91,1
DA:92,1
DA:97,1
DA:100,1
DA:103,1
DA:104,1
DA:105,1
LF:31
LH:25
BRF:0
BRH:0
end_of_record
TN:
SF:/home/travis/build/googlemaps/v3-utility-library/packages/jest-mocks/src/marker.ts
FN:22,(anonymous_0)
FN:27,(anonymous_1)
FN:28,(anonymous_2)
FN:31,(anonymous_3)
FN:34,(anonymous_4)
FN:38,(anonymous_5)
FN:48,(anonymous_6)
FN:53,(anonymous_7)
FN:58,(anonymous_8)
FN:62,(anonymous_9)
FN:67,(anonymous_10)
FN:70,(anonymous_11)
FN:71,(anonymous_12)
FN:74,(anonymous_13)
FN:77,(anonymous_14)
FN:78,(anonymous_15)
FN:79,(anonymous_16)
FN:82,(anonymous_17)
FN:86,(anonymous_18)
FN:97,(anonymous_19)
FN:102,(anonymous_20)
FN:106,(anonymous_21)
FN:110,(anonymous_22)
FN:115,(anonymous_23)
FN:121,(anonymous_24)
FN:122,(anonymous_25)
FN:123,(anonymous_26)
FN:124,(anonymous_27)
FN:128,(anonymous_28)
FNF:29
FNH:0
FNDA:0,(anonymous_0)
FNDA:0,(anonymous_1)
FNDA:0,(anonymous_2)
FNDA:0,(anonymous_3)
FNDA:0,(anonymous_4)
FNDA:0,(anonymous_5)
FNDA:0,(anonymous_6)
FNDA:0,(anonymous_7)
FNDA:0,(anonymous_8)
FNDA:0,(anonymous_9)
FNDA:0,(anonymous_10)
FNDA:0,(anonymous_11)
FNDA:0,(anonymous_12)
FNDA:0,(anonymous_13)
FNDA:0,(anonymous_14)
FNDA:0,(anonymous_15)
FNDA:0,(anonymous_16)
FNDA:0,(anonymous_17)
FNDA:0,(anonymous_18)
FNDA:0,(anonymous_19)
FNDA:0,(anonymous_20)
FNDA:0,(anonymous_21)
FNDA:0,(anonymous_22)
FNDA:0,(anonymous_23)
FNDA:0,(anonymous_24)
FNDA:0,(anonymous_25)
FNDA:0,(anonymous_26)
FNDA:0,(anonymous_27)
FNDA:0,(anonymous_28)
DA:17,1
DA:18,1
DA:20,1
DA:23,0
DA:25,0
DA:27,0
DA:28,0
DA:29,0
DA:31,0
DA:32,0
DA:34,0
DA:35,0
DA:43,0
DA:45,0
DA:48,0
DA:50,0
DA:54,0
DA:56,0
DA:58,0
DA:59,0
DA:63,0
DA:65,0
DA:67,0
DA:68,0
DA:70,0
DA:71,0
DA:72,0
DA:74,0
DA:75,0
DA:78,0
DA:79,0
DA:80,0
DA:83,0
DA:94,0
DA:99,0
DA:104,0
DA:107,0
DA:112,0
DA:119,0
DA:122,0
DA:123,0
DA:124,0
DA:125,0
DA:134,0
LF:44
LH:3
BRF:0
BRH:0
end_of_record
TN:
SF:/home/travis/build/googlemaps/v3-utility-library/packages/jest-mocks/src/mvcobject.ts
FN:19,(anonymous_0)
FN:23,(anonymous_1)
FN:28,(anonymous_2)
FN:35,(anonymous_3)
FN:36,(anonymous_4)
FN:37,(anonymous_5)
FN:38,(anonymous_6)
FN:39,(anonymous_7)
FN:40,(anonymous_8)
FN:41,(anonymous_9)
FNF:10
FNH:1
FNDA:1,(anonymous_0)
FNDA:0,(anonymous_1)
FNDA:0,(anonymous_2)
FNDA:0,(anonymous_3)
FNDA:0,(anonymous_4)
FNDA:0,(anonymous_5)
FNDA:0,(anonymous_6)
FNDA:0,(anonymous_7)
FNDA:0,(anonymous_8)
FNDA:0,(anonymous_9)
DA:19,1
DA:20,1
DA:25,1
DA:35,1
DA:36,1
DA:37,1
DA:38,1
DA:39,1
DA:40,1
DA:41,1
LF:10
LH:10
BRF:0
BRH:0
end_of_record
TN:
SF:/home/travis/build/googlemaps/v3-utility-library/packages/jest-mocks/src/point.ts
FN:20,(anonymous_0)
FN:27,(anonymous_1)
FN:24,(anonymous_2)
FNF:3
FNH:0
FNDA:0,(anonymous_0)
FNDA:0,(anonymous_1)
FNDA:0,(anonymous_2)
DA:17,1
DA:21,0
DA:22,0
DA:25,0
DA:27,0
DA:28,0
LF:6
LH:1
BRDA:25,0,0,0
BRDA:25,0,1,0
BRF:2
BRH:0
end_of_record
TN:
SF:/home/travis/build/googlemaps/v3-utility-library/packages/jest-mocks/src/size.ts
FN:20,(anonymous_0)
FN:32,(anonymous_1)
FN:29,(anonymous_2)
FNF:3
FNH:0
FNDA:0,(anonymous_0)
FNDA:0,(anonymous_1)
FNDA:0,(anonymous_2)
DA:17,1
DA:26,0
DA:27,0
DA:30,0
DA:32,0
DA:33,0
LF:6
LH:1
BRDA:30,0,0,0
BRDA:30,0,1,0
BRF:2
BRH:0
end_of_record
